{"/home/joshua/Dreamaker/backend/src/app.ts": {"path":"/home/joshua/Dreamaker/backend/src/app.ts","statementMap":{"0":{"start":{"line":2,"column":0},"end":{"line":2,"column":24}},"1":{"start":{"line":3,"column":0},"end":{"line":3,"column":35}},"2":{"start":{"line":4,"column":0},"end":{"line":4,"column":29}},"3":{"start":{"line":6,"column":0},"end":{"line":6,"column":34}},"4":{"start":{"line":7,"column":0},"end":{"line":7,"column":32}},"5":{"start":{"line":8,"column":0},"end":{"line":8,"column":50}},"6":{"start":{"line":10,"column":0},"end":{"line":10,"column":43}},"7":{"start":{"line":12,"column":0},"end":{"line":12,"column":45}},"8":{"start":{"line":13,"column":0},"end":{"line":13,"column":41}},"9":{"start":{"line":14,"column":0},"end":{"line":14,"column":39}},"10":{"start":{"line":17,"column":0},"end":{"line":17,"column":54}},"11":{"start":{"line":18,"column":0},"end":{"line":18,"column":56}},"12":{"start":{"line":19,"column":0},"end":{"line":19,"column":null}},"13":{"start":{"line":31,"column":12},"end":{"line":31,"column":32}},"14":{"start":{"line":32,"column":15},"end":{"line":32,"column":37}},"15":{"start":{"line":34,"column":17},"end":{"line":34,"column":26}},"16":{"start":{"line":35,"column":18},"end":{"line":35,"column":51}},"17":{"start":{"line":38,"column":0},"end":{"line":38,"column":17}},"18":{"start":{"line":40,"column":0},"end":{"line":48,"column":2}},"19":{"start":{"line":43,"column":27},"end":{"line":43,"column":44}},"20":{"start":{"line":44,"column":12},"end":{"line":44,"column":26}},"21":{"start":{"line":51,"column":27},"end":{"line":51,"column":53}},"22":{"start":{"line":52,"column":19},"end":{"line":52,"column":47}},"23":{"start":{"line":53,"column":4},"end":{"line":55,"column":5}},"24":{"start":{"line":54,"column":8},"end":{"line":54,"column":18}},"25":{"start":{"line":56,"column":4},"end":{"line":58,"column":5}},"26":{"start":{"line":57,"column":8},"end":{"line":57,"column":22}},"27":{"start":{"line":59,"column":4},"end":{"line":59,"column":14}},"28":{"start":{"line":63,"column":4},"end":{"line":63,"column":29}},"29":{"start":{"line":64,"column":4},"end":{"line":64,"column":37}},"30":{"start":{"line":67,"column":0},"end":{"line":67,"column":35}},"31":{"start":{"line":68,"column":0},"end":{"line":79,"column":7}},"32":{"start":{"line":75,"column":8},"end":{"line":75,"column":36}},"33":{"start":{"line":78,"column":8},"end":{"line":78,"column":64}},"34":{"start":{"line":82,"column":0},"end":{"line":86,"column":2}},"35":{"start":{"line":88,"column":0},"end":{"line":88,"column":25}},"36":{"start":{"line":89,"column":0},"end":{"line":89,"column":23}},"37":{"start":{"line":91,"column":0},"end":{"line":91,"column":29}},"38":{"start":{"line":92,"column":0},"end":{"line":92,"column":27}},"39":{"start":{"line":93,"column":0},"end":{"line":93,"column":26}},"40":{"start":{"line":96,"column":0},"end":{"line":96,"column":16}},"41":{"start":{"line":98,"column":0},"end":{"line":98,"column":25}}},"fnMap":{"0":{"name":"(anonymous_1)","decl":{"start":{"line":42,"column":16},"end":{"line":42,"column":17}},"loc":{"start":{"line":42,"column":24},"end":{"line":45,"column":9}}},"1":{"name":"verifyOrigin","decl":{"start":{"line":50,"column":9},"end":{"line":50,"column":21}},"loc":{"start":{"line":50,"column":34},"end":{"line":60,"column":1}}},"2":{"name":"useRoute","decl":{"start":{"line":62,"column":9},"end":{"line":62,"column":17}},"loc":{"start":{"line":62,"column":42},"end":{"line":65,"column":1}}},"3":{"name":"(anonymous_4)","decl":{"start":{"line":74,"column":10},"end":{"line":74,"column":11}},"loc":{"start":{"line":74,"column":16},"end":{"line":76,"column":5}}},"4":{"name":"(anonymous_5)","decl":{"start":{"line":77,"column":11},"end":{"line":77,"column":12}},"loc":{"start":{"line":77,"column":19},"end":{"line":79,"column":5}}}},"branchMap":{"0":{"loc":{"start":{"line":53,"column":4},"end":{"line":55,"column":5}},"type":"if","locations":[{"start":{"line":53,"column":4},"end":{"line":55,"column":5}}]},"1":{"loc":{"start":{"line":56,"column":4},"end":{"line":58,"column":5}},"type":"if","locations":[{"start":{"line":56,"column":4},"end":{"line":58,"column":5}}]}},"s":{"0":1,"1":1,"2":1,"3":1,"4":1,"5":1,"6":1,"7":1,"8":1,"9":1,"10":1,"11":1,"12":1,"13":1,"14":1,"15":1,"16":1,"17":1,"18":1,"19":1,"20":1,"21":1,"22":1,"23":1,"24":1,"25":0,"26":0,"27":0,"28":3,"29":3,"30":1,"31":1,"32":1,"33":0,"34":1,"35":1,"36":1,"37":1,"38":1,"39":1,"40":1,"41":1},"f":{"0":1,"1":1,"2":3,"3":1,"4":0},"b":{"0":[1],"1":[0]}}
,"/home/joshua/Dreamaker/backend/src/Watchers/Watch.ts": {"path":"/home/joshua/Dreamaker/backend/src/Watchers/Watch.ts","statementMap":{"0":{"start":{"line":1,"column":0},"end":{"line":1,"column":35}},"1":{"start":{"line":2,"column":0},"end":{"line":2,"column":71}},"2":{"start":{"line":3,"column":0},"end":{"line":3,"column":51}},"3":{"start":{"line":4,"column":0},"end":{"line":4,"column":63}},"4":{"start":{"line":5,"column":0},"end":{"line":5,"column":42}},"5":{"start":{"line":6,"column":0},"end":{"line":6,"column":75}},"6":{"start":{"line":8,"column":12},"end":{"line":8,"column":31}},"7":{"start":{"line":9,"column":15},"end":{"line":9,"column":36}},"8":{"start":{"line":15,"column":8},"end":{"line":17,"column":10}},"9":{"start":{"line":16,"column":23},"end":{"line":16,"column":38}},"10":{"start":{"line":21,"column":8},"end":{"line":24,"column":10}},"11":{"start":{"line":28,"column":30},"end":{"line":28,"column":69}},"12":{"start":{"line":28,"column":54},"end":{"line":28,"column":68}},"13":{"start":{"line":29,"column":22},"end":{"line":29,"column":72}},"14":{"start":{"line":29,"column":58},"end":{"line":29,"column":68}},"15":{"start":{"line":31,"column":28},"end":{"line":36,"column":10}},"16":{"start":{"line":32,"column":31},"end":{"line":32,"column":45}},"17":{"start":{"line":33,"column":12},"end":{"line":35,"column":14}},"18":{"start":{"line":38,"column":8},"end":{"line":38,"column":27}},"19":{"start":{"line":42,"column":26},"end":{"line":42,"column":66}},"20":{"start":{"line":43,"column":24},"end":{"line":43,"column":61}},"21":{"start":{"line":44,"column":8},"end":{"line":44,"column":23}},"22":{"start":{"line":48,"column":23},"end":{"line":48,"column":60}},"23":{"start":{"line":50,"column":26},"end":{"line":50,"column":62}},"24":{"start":{"line":51,"column":8},"end":{"line":53,"column":9}},"25":{"start":{"line":52,"column":12},"end":{"line":52,"column":19}},"26":{"start":{"line":55,"column":8},"end":{"line":60,"column":11}},"27":{"start":{"line":55,"column":44},"end":{"line":60,"column":10}},"28":{"start":{"line":56,"column":28},"end":{"line":56,"column":65}},"29":{"start":{"line":57,"column":27},"end":{"line":57,"column":40}},"30":{"start":{"line":59,"column":12},"end":{"line":59,"column":59}},"31":{"start":{"line":62,"column":8},"end":{"line":62,"column":24}},"32":{"start":{"line":66,"column":23},"end":{"line":66,"column":60}},"33":{"start":{"line":68,"column":26},"end":{"line":68,"column":62}},"34":{"start":{"line":69,"column":8},"end":{"line":71,"column":9}},"35":{"start":{"line":70,"column":12},"end":{"line":70,"column":33}},"36":{"start":{"line":73,"column":8},"end":{"line":73,"column":24}},"37":{"start":{"line":77,"column":8},"end":{"line":77,"column":38}},"38":{"start":{"line":78,"column":8},"end":{"line":78,"column":38}},"39":{"start":{"line":82,"column":8},"end":{"line":82,"column":26}},"40":{"start":{"line":84,"column":8},"end":{"line":90,"column":9}},"41":{"start":{"line":85,"column":12},"end":{"line":89,"column":13}},"42":{"start":{"line":86,"column":16},"end":{"line":86,"column":74}},"43":{"start":{"line":88,"column":16},"end":{"line":88,"column":77}},"44":{"start":{"line":94,"column":8},"end":{"line":102,"column":9}},"45":{"start":{"line":95,"column":12},"end":{"line":101,"column":13}},"46":{"start":{"line":96,"column":16},"end":{"line":100,"column":18}},"47":{"start":{"line":104,"column":24},"end":{"line":104,"column":76}},"48":{"start":{"line":105,"column":8},"end":{"line":107,"column":9}},"49":{"start":{"line":106,"column":12},"end":{"line":106,"column":68}},"50":{"start":{"line":108,"column":8},"end":{"line":108,"column":35}},"51":{"start":{"line":112,"column":31},"end":{"line":112,"column":35}},"52":{"start":{"line":114,"column":8},"end":{"line":114,"column":51}},"53":{"start":{"line":116,"column":22},"end":{"line":118,"column":null}},"54":{"start":{"line":122,"column":8},"end":{"line":124,"column":9}},"55":{"start":{"line":123,"column":12},"end":{"line":123,"column":47}},"56":{"start":{"line":128,"column":32},"end":{"line":128,"column":36}},"57":{"start":{"line":130,"column":22},"end":{"line":130,"column":71}},"58":{"start":{"line":132,"column":8},"end":{"line":135,"column":9}},"59":{"start":{"line":133,"column":12},"end":{"line":133,"column":47}},"60":{"start":{"line":134,"column":12},"end":{"line":134,"column":19}},"61":{"start":{"line":137,"column":8},"end":{"line":140,"column":9}},"62":{"start":{"line":138,"column":12},"end":{"line":138,"column":51}},"63":{"start":{"line":139,"column":12},"end":{"line":139,"column":19}},"64":{"start":{"line":142,"column":8},"end":{"line":142,"column":52}},"65":{"start":{"line":144,"column":30},"end":{"line":144,"column":78}},"66":{"start":{"line":145,"column":31},"end":{"line":148,"column":null}},"67":{"start":{"line":151,"column":24},"end":{"line":151,"column":26}},"68":{"start":{"line":152,"column":24},"end":{"line":152,"column":26}},"69":{"start":{"line":154,"column":8},"end":{"line":161,"column":9}},"70":{"start":{"line":155,"column":23},"end":{"line":155,"column":65}},"71":{"start":{"line":156,"column":12},"end":{"line":156,"column":35}},"72":{"start":{"line":157,"column":12},"end":{"line":157,"column":35}},"73":{"start":{"line":159,"column":12},"end":{"line":159,"column":65}},"74":{"start":{"line":160,"column":12},"end":{"line":160,"column":19}},"75":{"start":{"line":163,"column":31},"end":{"line":163,"column":63}},"76":{"start":{"line":164,"column":8},"end":{"line":169,"column":9}},"77":{"start":{"line":165,"column":12},"end":{"line":165,"column":64}},"78":{"start":{"line":167,"column":12},"end":{"line":167,"column":57}},"79":{"start":{"line":168,"column":12},"end":{"line":168,"column":19}},"80":{"start":{"line":171,"column":8},"end":{"line":171,"column":43}},"81":{"start":{"line":172,"column":8},"end":{"line":172,"column":27}},"82":{"start":{"line":176,"column":33},"end":{"line":176,"column":37}},"83":{"start":{"line":178,"column":22},"end":{"line":178,"column":72}},"84":{"start":{"line":179,"column":8},"end":{"line":182,"column":9}},"85":{"start":{"line":180,"column":12},"end":{"line":180,"column":48}},"86":{"start":{"line":181,"column":12},"end":{"line":181,"column":19}},"87":{"start":{"line":184,"column":28},"end":{"line":185,"column":null}},"88":{"start":{"line":185,"column":19},"end":{"line":185,"column":39}},"89":{"start":{"line":187,"column":8},"end":{"line":191,"column":9}},"90":{"start":{"line":188,"column":12},"end":{"line":188,"column":56}},"91":{"start":{"line":190,"column":12},"end":{"line":190,"column":60}},"92":{"start":{"line":193,"column":8},"end":{"line":193,"column":27}},"93":{"start":{"line":205,"column":25},"end":{"line":205,"column":29}},"94":{"start":{"line":207,"column":22},"end":{"line":209,"column":null}},"95":{"start":{"line":211,"column":8},"end":{"line":211,"column":27}},"96":{"start":{"line":212,"column":8},"end":{"line":214,"column":9}},"97":{"start":{"line":213,"column":12},"end":{"line":213,"column":48}},"98":{"start":{"line":218,"column":8},"end":{"line":218,"column":40}},"99":{"start":{"line":222,"column":22},"end":{"line":222,"column":34}},"100":{"start":{"line":224,"column":8},"end":{"line":227,"column":48}},"101":{"start":{"line":225,"column":12},"end":{"line":225,"column":50}},"102":{"start":{"line":226,"column":12},"end":{"line":226,"column":19}},"103":{"start":{"line":227,"column":15},"end":{"line":227,"column":48}},"104":{"start":{"line":229,"column":8},"end":{"line":247,"column":9}},"105":{"start":{"line":231,"column":16},"end":{"line":231,"column":59}},"106":{"start":{"line":232,"column":16},"end":{"line":232,"column":22}},"107":{"start":{"line":234,"column":16},"end":{"line":234,"column":59}},"108":{"start":{"line":235,"column":16},"end":{"line":235,"column":22}},"109":{"start":{"line":237,"column":16},"end":{"line":237,"column":66}},"110":{"start":{"line":238,"column":16},"end":{"line":238,"column":22}},"111":{"start":{"line":240,"column":16},"end":{"line":240,"column":68}},"112":{"start":{"line":241,"column":16},"end":{"line":241,"column":22}},"113":{"start":{"line":243,"column":16},"end":{"line":243,"column":78}},"114":{"start":{"line":244,"column":16},"end":{"line":244,"column":22}},"115":{"start":{"line":246,"column":16},"end":{"line":246,"column":46}},"116":{"start":{"line":248,"column":8},"end":{"line":248,"column":22}},"117":{"start":{"line":252,"column":13},"end":{"line":252,"column":42}}},"fnMap":{"0":{"name":"(anonymous_7)","decl":{"start":{"line":14,"column":4},"end":{"line":14,"column":null}},"loc":{"start":{"line":14,"column":4},"end":{"line":18,"column":5}}},"1":{"name":"(anonymous_8)","decl":{"start":{"line":16,"column":12},"end":{"line":16,"column":13}},"loc":{"start":{"line":16,"column":23},"end":{"line":16,"column":38}}},"2":{"name":"(anonymous_9)","decl":{"start":{"line":20,"column":4},"end":{"line":20,"column":15}},"loc":{"start":{"line":20,"column":58},"end":{"line":25,"column":5}}},"3":{"name":"(anonymous_10)","decl":{"start":{"line":27,"column":4},"end":{"line":27,"column":22}},"loc":{"start":{"line":27,"column":40},"end":{"line":39,"column":5}}},"4":{"name":"(anonymous_11)","decl":{"start":{"line":28,"column":42},"end":{"line":28,"column":43}},"loc":{"start":{"line":28,"column":54},"end":{"line":28,"column":68}}},"5":{"name":"(anonymous_12)","decl":{"start":{"line":29,"column":43},"end":{"line":29,"column":44}},"loc":{"start":{"line":29,"column":58},"end":{"line":29,"column":68}}},"6":{"name":"(anonymous_13)","decl":{"start":{"line":31,"column":46},"end":{"line":31,"column":47}},"loc":{"start":{"line":31,"column":57},"end":{"line":36,"column":9}}},"7":{"name":"(anonymous_14)","decl":{"start":{"line":41,"column":4},"end":{"line":41,"column":13}},"loc":{"start":{"line":41,"column":41},"end":{"line":45,"column":5}}},"8":{"name":"(anonymous_15)","decl":{"start":{"line":47,"column":10},"end":{"line":47,"column":20}},"loc":{"start":{"line":47,"column":70},"end":{"line":63,"column":null}}},"9":{"name":"(anonymous_17)","decl":{"start":{"line":55,"column":28},"end":{"line":55,"column":35}},"loc":{"start":{"line":55,"column":44},"end":{"line":60,"column":10}}},"10":{"name":"(anonymous_18)","decl":{"start":{"line":55,"column":44},"end":{"line":55,"column":null}},"loc":{"start":{"line":55,"column":44},"end":{"line":60,"column":9}}},"11":{"name":"(anonymous_19)","decl":{"start":{"line":65,"column":10},"end":{"line":65,"column":23}},"loc":{"start":{"line":65,"column":73},"end":{"line":74,"column":null}}},"12":{"name":"(anonymous_21)","decl":{"start":{"line":76,"column":10},"end":{"line":76,"column":27}},"loc":{"start":{"line":76,"column":27},"end":{"line":79,"column":null}}},"13":{"name":"(anonymous_23)","decl":{"start":{"line":81,"column":10},"end":{"line":81,"column":28}},"loc":{"start":{"line":81,"column":63},"end":{"line":91,"column":null}}},"14":{"name":"(anonymous_25)","decl":{"start":{"line":93,"column":10},"end":{"line":93,"column":15}},"loc":{"start":{"line":93,"column":15},"end":{"line":109,"column":null}}},"15":{"name":"(anonymous_27)","decl":{"start":{"line":111,"column":10},"end":{"line":111,"column":28}},"loc":{"start":{"line":111,"column":55},"end":{"line":125,"column":null}}},"16":{"name":"(anonymous_29)","decl":{"start":{"line":127,"column":10},"end":{"line":127,"column":28}},"loc":{"start":{"line":127,"column":55},"end":{"line":173,"column":null}}},"17":{"name":"(anonymous_31)","decl":{"start":{"line":175,"column":10},"end":{"line":175,"column":27}},"loc":{"start":{"line":175,"column":70},"end":{"line":194,"column":null}}},"18":{"name":"(anonymous_33)","decl":{"start":{"line":185,"column":12},"end":{"line":185,"column":13}},"loc":{"start":{"line":185,"column":19},"end":{"line":185,"column":39}}},"19":{"name":"(anonymous_34)","decl":{"start":{"line":196,"column":10},"end":{"line":196,"column":29}},"loc":{"start":{"line":196,"column":72},"end":{"line":198,"column":null}}},"20":{"name":"(anonymous_36)","decl":{"start":{"line":200,"column":10},"end":{"line":200,"column":39}},"loc":{"start":{"line":203,"column":21},"end":{"line":215,"column":null}}},"21":{"name":"(anonymous_38)","decl":{"start":{"line":217,"column":4},"end":{"line":217,"column":22}},"loc":{"start":{"line":217,"column":35},"end":{"line":219,"column":5}}},"22":{"name":"(anonymous_39)","decl":{"start":{"line":221,"column":10},"end":{"line":221,"column":22}},"loc":{"start":{"line":221,"column":64},"end":{"line":249,"column":null}}}},"branchMap":{"0":{"loc":{"start":{"line":51,"column":8},"end":{"line":53,"column":9}},"type":"if","locations":[{"start":{"line":51,"column":8},"end":{"line":53,"column":9}}]},"1":{"loc":{"start":{"line":69,"column":8},"end":{"line":71,"column":9}},"type":"if","locations":[{"start":{"line":69,"column":8},"end":{"line":71,"column":9}}]},"2":{"loc":{"start":{"line":85,"column":12},"end":{"line":89,"column":13}},"type":"if","locations":[{"start":{"line":85,"column":12},"end":{"line":89,"column":13}},{"start":{"line":87,"column":19},"end":{"line":89,"column":13}}]},"3":{"loc":{"start":{"line":95,"column":12},"end":{"line":101,"column":13}},"type":"if","locations":[{"start":{"line":95,"column":12},"end":{"line":101,"column":13}}]},"4":{"loc":{"start":{"line":122,"column":8},"end":{"line":124,"column":9}},"type":"if","locations":[{"start":{"line":122,"column":8},"end":{"line":124,"column":9}}]},"5":{"loc":{"start":{"line":122,"column":12},"end":{"line":122,"column":46}},"type":"binary-expr","locations":[{"start":{"line":122,"column":12},"end":{"line":122,"column":18}},{"start":{"line":122,"column":22},"end":{"line":122,"column":46}}]},"6":{"loc":{"start":{"line":132,"column":8},"end":{"line":135,"column":9}},"type":"if","locations":[{"start":{"line":132,"column":8},"end":{"line":135,"column":9}}]},"7":{"loc":{"start":{"line":137,"column":8},"end":{"line":140,"column":9}},"type":"if","locations":[{"start":{"line":137,"column":8},"end":{"line":140,"column":9}}]},"8":{"loc":{"start":{"line":179,"column":8},"end":{"line":182,"column":9}},"type":"if","locations":[{"start":{"line":179,"column":8},"end":{"line":182,"column":9}}]},"9":{"loc":{"start":{"line":187,"column":8},"end":{"line":191,"column":9}},"type":"if","locations":[{"start":{"line":187,"column":8},"end":{"line":191,"column":9}},{"start":{"line":189,"column":15},"end":{"line":191,"column":9}}]},"10":{"loc":{"start":{"line":212,"column":8},"end":{"line":214,"column":9}},"type":"if","locations":[{"start":{"line":212,"column":8},"end":{"line":214,"column":9}}]},"11":{"loc":{"start":{"line":212,"column":12},"end":{"line":212,"column":46}},"type":"binary-expr","locations":[{"start":{"line":212,"column":12},"end":{"line":212,"column":18}},{"start":{"line":212,"column":22},"end":{"line":212,"column":46}}]},"12":{"loc":{"start":{"line":224,"column":8},"end":{"line":227,"column":48}},"type":"if","locations":[{"start":{"line":224,"column":8},"end":{"line":227,"column":48}},{"start":{"line":227,"column":15},"end":{"line":227,"column":48}}]},"13":{"loc":{"start":{"line":229,"column":8},"end":{"line":247,"column":9}},"type":"switch","locations":[{"start":{"line":230,"column":12},"end":{"line":232,"column":22}},{"start":{"line":233,"column":12},"end":{"line":235,"column":22}},{"start":{"line":236,"column":12},"end":{"line":238,"column":22}},{"start":{"line":239,"column":12},"end":{"line":241,"column":22}},{"start":{"line":242,"column":12},"end":{"line":244,"column":22}},{"start":{"line":245,"column":12},"end":{"line":246,"column":46}}]}},"s":{"0":1,"1":1,"2":1,"3":1,"4":1,"5":1,"6":1,"7":1,"8":1,"9":5,"10":5,"11":0,"12":0,"13":0,"14":0,"15":0,"16":0,"17":0,"18":0,"19":0,"20":0,"21":0,"22":5,"23":5,"24":5,"25":0,"26":5,"27":0,"28":0,"29":0,"30":0,"31":5,"32":0,"33":0,"34":0,"35":0,"36":0,"37":0,"38":0,"39":1,"40":1,"41":3,"42":3,"43":0,"44":1,"45":5,"46":2,"47":1,"48":1,"49":1,"50":1,"51":0,"52":0,"53":0,"54":0,"55":0,"56":0,"57":0,"58":0,"59":0,"60":0,"61":0,"62":0,"63":0,"64":0,"65":0,"66":0,"67":0,"68":0,"69":0,"70":0,"71":0,"72":0,"73":0,"74":0,"75":0,"76":0,"77":0,"78":0,"79":0,"80":0,"81":0,"82":0,"83":0,"84":0,"85":0,"86":0,"87":0,"88":0,"89":0,"90":0,"91":0,"92":0,"93":0,"94":0,"95":0,"96":0,"97":0,"98":0,"99":0,"100":0,"101":0,"102":0,"103":0,"104":0,"105":0,"106":0,"107":0,"108":0,"109":0,"110":0,"111":0,"112":0,"113":0,"114":0,"115":0,"116":0,"117":1},"f":{"0":1,"1":5,"2":5,"3":0,"4":0,"5":0,"6":0,"7":0,"8":5,"9":0,"10":0,"11":0,"12":0,"13":1,"14":1,"15":0,"16":0,"17":0,"18":0,"19":0,"20":0,"21":0,"22":0},"b":{"0":[0],"1":[0],"2":[3,0],"3":[2],"4":[0],"5":[0,0],"6":[0],"7":[0],"8":[0],"9":[0,0],"10":[0],"11":[0,0],"12":[0,0],"13":[0,0,0,0,0,0]}}
,"/home/joshua/Dreamaker/backend/src/Watchers/config.ts": {"path":"/home/joshua/Dreamaker/backend/src/Watchers/config.ts","statementMap":{"0":{"start":{"line":1,"column":0},"end":{"line":1,"column":62}},"1":{"start":{"line":9,"column":13},"end":{"line":35,"column":2}}},"fnMap":{},"branchMap":{},"s":{"0":1,"1":1},"f":{},"b":{}}
,"/home/joshua/Dreamaker/backend/src/controllers/auth.ts": {"path":"/home/joshua/Dreamaker/backend/src/controllers/auth.ts","statementMap":{"0":{"start":{"line":2,"column":0},"end":{"line":2,"column":49}},"1":{"start":{"line":3,"column":0},"end":{"line":3,"column":90}},"2":{"start":{"line":4,"column":0},"end":{"line":4,"column":32}},"3":{"start":{"line":5,"column":0},"end":{"line":5,"column":45}},"4":{"start":{"line":7,"column":40},"end":{"line":19,"column":null}},"5":{"start":{"line":7,"column":63},"end":{"line":19,"column":null}},"6":{"start":{"line":8,"column":20},"end":{"line":8,"column":79}},"7":{"start":{"line":10,"column":22},"end":{"line":10,"column":74}},"8":{"start":{"line":12,"column":4},"end":{"line":17,"column":6}},"9":{"start":{"line":18,"column":4},"end":{"line":18,"column":21}},"10":{"start":{"line":7,"column":13},"end":{"line":7,"column":40}},"11":{"start":{"line":21,"column":40},"end":{"line":35,"column":null}},"12":{"start":{"line":21,"column":63},"end":{"line":35,"column":null}},"13":{"start":{"line":22,"column":35},"end":{"line":22,"column":100}},"14":{"start":{"line":24,"column":4},"end":{"line":24,"column":68}},"15":{"start":{"line":26,"column":18},"end":{"line":26,"column":72}},"16":{"start":{"line":28,"column":4},"end":{"line":33,"column":6}},"17":{"start":{"line":34,"column":4},"end":{"line":34,"column":21}},"18":{"start":{"line":21,"column":13},"end":{"line":21,"column":40}}},"fnMap":{"0":{"name":"(anonymous_14)","decl":{"start":{"line":7,"column":40},"end":{"line":7,"column":47}},"loc":{"start":{"line":7,"column":63},"end":{"line":19,"column":null}}},"1":{"name":"(anonymous_15)","decl":{"start":{"line":7,"column":63},"end":{"line":7,"column":null}},"loc":{"start":{"line":7,"column":63},"end":{"line":19,"column":1}}},"2":{"name":"(anonymous_16)","decl":{"start":{"line":21,"column":40},"end":{"line":21,"column":47}},"loc":{"start":{"line":21,"column":63},"end":{"line":35,"column":null}}},"3":{"name":"(anonymous_17)","decl":{"start":{"line":21,"column":63},"end":{"line":21,"column":null}},"loc":{"start":{"line":21,"column":63},"end":{"line":35,"column":1}}}},"branchMap":{},"s":{"0":1,"1":1,"2":1,"3":1,"4":1,"5":1,"6":1,"7":1,"8":0,"9":0,"10":1,"11":1,"12":0,"13":0,"14":0,"15":0,"16":0,"17":0,"18":1},"f":{"0":1,"1":1,"2":0,"3":0},"b":{}}
,"/home/joshua/Dreamaker/backend/src/controllers/dream.ts": {"path":"/home/joshua/Dreamaker/backend/src/controllers/dream.ts","statementMap":{"0":{"start":{"line":2,"column":0},"end":{"line":2,"column":51}},"1":{"start":{"line":3,"column":0},"end":{"line":3,"column":88}},"2":{"start":{"line":5,"column":27},"end":{"line":42,"column":2}},"3":{"start":{"line":5,"column":50},"end":{"line":42,"column":2}},"4":{"start":{"line":6,"column":22},"end":{"line":6,"column":72}},"5":{"start":{"line":7,"column":24},"end":{"line":14,"column":null}},"6":{"start":{"line":10,"column":56},"end":{"line":14,"column":14}},"7":{"start":{"line":22,"column":8},"end":{"line":22,"column":55}},"8":{"start":{"line":25,"column":4},"end":{"line":32,"column":6}},"9":{"start":{"line":34,"column":19},"end":{"line":34,"column":114}},"10":{"start":{"line":36,"column":4},"end":{"line":41,"column":6}},"11":{"start":{"line":5,"column":13},"end":{"line":5,"column":27}},"12":{"start":{"line":44,"column":25},"end":{"line":52,"column":2}},"13":{"start":{"line":44,"column":48},"end":{"line":52,"column":2}},"14":{"start":{"line":45,"column":19},"end":{"line":45,"column":50}},"15":{"start":{"line":46,"column":4},"end":{"line":51,"column":6}},"16":{"start":{"line":44,"column":13},"end":{"line":44,"column":25}},"17":{"start":{"line":54,"column":27},"end":{"line":62,"column":null}},"18":{"start":{"line":54,"column":50},"end":{"line":62,"column":null}},"19":{"start":{"line":55,"column":19},"end":{"line":55,"column":67}},"20":{"start":{"line":56,"column":4},"end":{"line":61,"column":6}},"21":{"start":{"line":54,"column":13},"end":{"line":54,"column":27}},"22":{"start":{"line":64,"column":27},"end":{"line":73,"column":null}},"23":{"start":{"line":64,"column":50},"end":{"line":73,"column":null}},"24":{"start":{"line":65,"column":19},"end":{"line":65,"column":29}},"25":{"start":{"line":66,"column":18},"end":{"line":66,"column":68}},"26":{"start":{"line":68,"column":4},"end":{"line":68,"column":47}},"27":{"start":{"line":70,"column":4},"end":{"line":72,"column":6}},"28":{"start":{"line":64,"column":13},"end":{"line":64,"column":27}}},"fnMap":{"0":{"name":"(anonymous_13)","decl":{"start":{"line":5,"column":27},"end":{"line":5,"column":34}},"loc":{"start":{"line":5,"column":50},"end":{"line":42,"column":2}}},"1":{"name":"(anonymous_14)","decl":{"start":{"line":5,"column":50},"end":{"line":5,"column":null}},"loc":{"start":{"line":5,"column":50},"end":{"line":42,"column":1}}},"2":{"name":"(anonymous_15)","decl":{"start":{"line":10,"column":40},"end":{"line":10,"column":41}},"loc":{"start":{"line":10,"column":56},"end":{"line":14,"column":14}}},"3":{"name":"(anonymous_16)","decl":{"start":{"line":44,"column":25},"end":{"line":44,"column":32}},"loc":{"start":{"line":44,"column":48},"end":{"line":52,"column":2}}},"4":{"name":"(anonymous_17)","decl":{"start":{"line":44,"column":48},"end":{"line":44,"column":null}},"loc":{"start":{"line":44,"column":48},"end":{"line":52,"column":1}}},"5":{"name":"(anonymous_18)","decl":{"start":{"line":54,"column":27},"end":{"line":54,"column":34}},"loc":{"start":{"line":54,"column":50},"end":{"line":62,"column":null}}},"6":{"name":"(anonymous_19)","decl":{"start":{"line":54,"column":50},"end":{"line":54,"column":null}},"loc":{"start":{"line":54,"column":50},"end":{"line":62,"column":1}}},"7":{"name":"(anonymous_20)","decl":{"start":{"line":64,"column":27},"end":{"line":64,"column":34}},"loc":{"start":{"line":64,"column":50},"end":{"line":73,"column":null}}},"8":{"name":"(anonymous_21)","decl":{"start":{"line":64,"column":50},"end":{"line":64,"column":null}},"loc":{"start":{"line":64,"column":50},"end":{"line":73,"column":1}}}},"branchMap":{"0":{"loc":{"start":{"line":6,"column":22},"end":{"line":6,"column":72}},"type":"binary-expr","locations":[{"start":{"line":6,"column":22},"end":{"line":6,"column":66}},{"start":{"line":6,"column":70},"end":{"line":6,"column":72}}]},"1":{"loc":{"start":{"line":10,"column":12},"end":{"line":14,"column":21}},"type":"binary-expr","locations":[{"start":{"line":10,"column":12},"end":{"line":14,"column":15}},{"start":{"line":14,"column":19},"end":{"line":14,"column":21}}]},"2":{"loc":{"start":{"line":31,"column":8},"end":{"line":31,"column":19}},"type":"binary-expr","locations":[{"start":{"line":31,"column":8},"end":{"line":31,"column":13}},{"start":{"line":31,"column":17},"end":{"line":31,"column":19}}]}},"s":{"0":1,"1":1,"2":1,"3":0,"4":0,"5":0,"6":0,"7":0,"8":0,"9":0,"10":0,"11":1,"12":1,"13":0,"14":0,"15":0,"16":1,"17":1,"18":0,"19":0,"20":0,"21":1,"22":1,"23":0,"24":0,"25":0,"26":0,"27":0,"28":1},"f":{"0":0,"1":0,"2":0,"3":0,"4":0,"5":0,"6":0,"7":0,"8":0},"b":{"0":[0,0],"1":[0,0],"2":[0,0]}}
,"/home/joshua/Dreamaker/backend/src/firebase/Bucket.ts": {"path":"/home/joshua/Dreamaker/backend/src/firebase/Bucket.ts","statementMap":{"0":{"start":{"line":1,"column":0},"end":{"line":1,"column":35}},"1":{"start":{"line":2,"column":0},"end":{"line":2,"column":41}},"2":{"start":{"line":4,"column":0},"end":{"line":4,"column":45}},"3":{"start":{"line":5,"column":0},"end":{"line":8,"column":3}},"4":{"start":{"line":10,"column":15},"end":{"line":10,"column":39}},"5":{"start":{"line":12,"column":0},"end":{"line":14,"column":1}},"6":{"start":{"line":13,"column":4},"end":{"line":13,"column":52}},"7":{"start":{"line":16,"column":0},"end":{"line":16,"column":22}}},"fnMap":{},"branchMap":{"0":{"loc":{"start":{"line":12,"column":0},"end":{"line":14,"column":1}},"type":"if","locations":[{"start":{"line":12,"column":0},"end":{"line":14,"column":1}}]}},"s":{"0":1,"1":1,"2":1,"3":1,"4":1,"5":1,"6":0,"7":1},"f":{},"b":{"0":[0]}}
,"/home/joshua/Dreamaker/backend/src/firebase/uploadFile.ts": {"path":"/home/joshua/Dreamaker/backend/src/firebase/uploadFile.ts","statementMap":{"0":{"start":{"line":2,"column":0},"end":{"line":2,"column":30}},"1":{"start":{"line":3,"column":0},"end":{"line":3,"column":20}},"2":{"start":{"line":10,"column":23},"end":{"line":10,"column":52}},"3":{"start":{"line":11,"column":21},"end":{"line":13,"column":6}},"4":{"start":{"line":15,"column":4},"end":{"line":20,"column":7}},"5":{"start":{"line":5,"column":0},"end":{"line":5,"column":22}},"6":{"start":{"line":23,"column":38},"end":{"line":27,"column":2}},"7":{"start":{"line":23,"column":60},"end":{"line":27,"column":2}},"8":{"start":{"line":24,"column":20},"end":{"line":24,"column":36}},"9":{"start":{"line":25,"column":4},"end":{"line":25,"column":27}},"10":{"start":{"line":26,"column":4},"end":{"line":26,"column":16}},"11":{"start":{"line":23,"column":13},"end":{"line":23,"column":38}}},"fnMap":{"0":{"name":"uploadFileToFirebase","decl":{"start":{"line":5,"column":22},"end":{"line":5,"column":42}},"loc":{"start":{"line":8,"column":23},"end":{"line":21,"column":null}}},"1":{"name":"(anonymous_10)","decl":{"start":{"line":23,"column":38},"end":{"line":23,"column":45}},"loc":{"start":{"line":23,"column":60},"end":{"line":27,"column":2}}},"2":{"name":"(anonymous_11)","decl":{"start":{"line":23,"column":60},"end":{"line":23,"column":null}},"loc":{"start":{"line":23,"column":60},"end":{"line":27,"column":1}}}},"branchMap":{},"s":{"0":1,"1":1,"2":0,"3":0,"4":0,"5":1,"6":1,"7":0,"8":0,"9":0,"10":0,"11":1},"f":{"0":0,"1":0,"2":0},"b":{}}
,"/home/joshua/Dreamaker/backend/src/middlewares/auth.ts": {"path":"/home/joshua/Dreamaker/backend/src/middlewares/auth.ts","statementMap":{"0":{"start":{"line":1,"column":0},"end":{"line":1,"column":31}},"1":{"start":{"line":3,"column":0},"end":{"line":3,"column":43}},"2":{"start":{"line":4,"column":0},"end":{"line":4,"column":45}},"3":{"start":{"line":6,"column":30},"end":{"line":29,"column":2}},"4":{"start":{"line":9,"column":4},"end":{"line":29,"column":2}},"5":{"start":{"line":10,"column":18},"end":{"line":10,"column":60}},"6":{"start":{"line":11,"column":4},"end":{"line":13,"column":5}},"7":{"start":{"line":12,"column":8},"end":{"line":12,"column":49}},"8":{"start":{"line":14,"column":23},"end":{"line":14,"column":27}},"9":{"start":{"line":15,"column":4},"end":{"line":19,"column":5}},"10":{"start":{"line":16,"column":8},"end":{"line":16,"column":53}},"11":{"start":{"line":18,"column":8},"end":{"line":18,"column":46}},"12":{"start":{"line":20,"column":4},"end":{"line":22,"column":5}},"13":{"start":{"line":21,"column":8},"end":{"line":21,"column":46}},"14":{"start":{"line":23,"column":24},"end":{"line":23,"column":59}},"15":{"start":{"line":24,"column":4},"end":{"line":26,"column":5}},"16":{"start":{"line":25,"column":8},"end":{"line":25,"column":46}},"17":{"start":{"line":27,"column":4},"end":{"line":27,"column":32}},"18":{"start":{"line":28,"column":4},"end":{"line":28,"column":18}},"19":{"start":{"line":6,"column":13},"end":{"line":6,"column":30}}},"fnMap":{"0":{"name":"(anonymous_8)","decl":{"start":{"line":6,"column":30},"end":{"line":6,"column":null}},"loc":{"start":{"line":9,"column":4},"end":{"line":29,"column":2}}},"1":{"name":"(anonymous_9)","decl":{"start":{"line":9,"column":4},"end":{"line":9,"column":null}},"loc":{"start":{"line":9,"column":4},"end":{"line":29,"column":1}}}},"branchMap":{"0":{"loc":{"start":{"line":10,"column":18},"end":{"line":10,"column":60}},"type":"cond-expr","locations":[{"start":{"line":10,"column":45},"end":{"line":10,"column":47}},{"start":{"line":10,"column":45},"end":{"line":10,"column":60}}]},"1":{"loc":{"start":{"line":10,"column":18},"end":{"line":10,"column":47}},"type":"binary-expr","locations":[{"start":{"line":10,"column":18},"end":{"line":10,"column":47}},{"start":{"line":10,"column":45},"end":{"line":10,"column":47}}]},"2":{"loc":{"start":{"line":10,"column":18},"end":{"line":10,"column":45}},"type":"cond-expr","locations":[{"start":{"line":10,"column":30},"end":{"line":10,"column":32}},{"start":{"line":10,"column":30},"end":{"line":10,"column":45}}]},"3":{"loc":{"start":{"line":10,"column":18},"end":{"line":10,"column":32}},"type":"binary-expr","locations":[{"start":{"line":10,"column":18},"end":{"line":10,"column":32}},{"start":{"line":10,"column":30},"end":{"line":10,"column":32}}]},"4":{"loc":{"start":{"line":10,"column":18},"end":{"line":10,"column":30}},"type":"cond-expr","locations":[{"start":{"line":10,"column":21},"end":{"line":10,"column":23}},{"start":{"line":10,"column":18},"end":{"line":10,"column":30}}]},"5":{"loc":{"start":{"line":10,"column":18},"end":{"line":10,"column":23}},"type":"binary-expr","locations":[{"start":{"line":10,"column":18},"end":{"line":10,"column":23}},{"start":{"line":10,"column":18},"end":{"line":10,"column":23}}]},"6":{"loc":{"start":{"line":11,"column":4},"end":{"line":13,"column":5}},"type":"if","locations":[{"start":{"line":11,"column":4},"end":{"line":13,"column":5}}]},"7":{"loc":{"start":{"line":20,"column":4},"end":{"line":22,"column":5}},"type":"if","locations":[{"start":{"line":20,"column":4},"end":{"line":22,"column":5}}]},"8":{"loc":{"start":{"line":24,"column":4},"end":{"line":26,"column":5}},"type":"if","locations":[{"start":{"line":24,"column":4},"end":{"line":26,"column":5}}]}},"s":{"0":1,"1":1,"2":1,"3":1,"4":0,"5":0,"6":0,"7":0,"8":0,"9":0,"10":0,"11":0,"12":0,"13":0,"14":0,"15":0,"16":0,"17":0,"18":0,"19":1},"f":{"0":0,"1":0},"b":{"0":[0,0],"1":[0,0],"2":[0,0],"3":[0,0],"4":[0,0],"5":[0,0],"6":[0],"7":[0],"8":[0]}}
,"/home/joshua/Dreamaker/backend/src/middlewares/error.ts": {"path":"/home/joshua/Dreamaker/backend/src/middlewares/error.ts","statementMap":{"0":{"start":{"line":1,"column":0},"end":{"line":1,"column":41}},"1":{"start":{"line":3,"column":0},"end":{"line":3,"column":null}},"2":{"start":{"line":13,"column":12},"end":{"line":13,"column":46}},"3":{"start":{"line":15,"column":47},"end":{"line":65,"column":2}},"4":{"start":{"line":15,"column":76},"end":{"line":65,"column":2}},"5":{"start":{"line":16,"column":4},"end":{"line":64,"column":5}},"6":{"start":{"line":17,"column":8},"end":{"line":17,"column":21}},"7":{"start":{"line":19,"column":8},"end":{"line":19,"column":71}},"8":{"start":{"line":20,"column":8},"end":{"line":28,"column":9}},"9":{"start":{"line":21,"column":12},"end":{"line":21,"column":36}},"10":{"start":{"line":22,"column":12},"end":{"line":22,"column":29}},"11":{"start":{"line":23,"column":12},"end":{"line":26,"column":14}},"12":{"start":{"line":27,"column":12},"end":{"line":27,"column":19}},"13":{"start":{"line":29,"column":8},"end":{"line":39,"column":9}},"14":{"start":{"line":30,"column":12},"end":{"line":30,"column":40}},"15":{"start":{"line":31,"column":12},"end":{"line":31,"column":29}},"16":{"start":{"line":32,"column":12},"end":{"line":37,"column":14}},"17":{"start":{"line":38,"column":12},"end":{"line":38,"column":19}},"18":{"start":{"line":40,"column":8},"end":{"line":45,"column":9}},"19":{"start":{"line":41,"column":12},"end":{"line":41,"column":51}},"20":{"start":{"line":42,"column":12},"end":{"line":42,"column":29}},"21":{"start":{"line":43,"column":12},"end":{"line":43,"column":59}},"22":{"start":{"line":44,"column":12},"end":{"line":44,"column":19}},"23":{"start":{"line":46,"column":8},"end":{"line":51,"column":9}},"24":{"start":{"line":47,"column":12},"end":{"line":47,"column":49}},"25":{"start":{"line":48,"column":12},"end":{"line":48,"column":29}},"26":{"start":{"line":49,"column":12},"end":{"line":49,"column":59}},"27":{"start":{"line":50,"column":12},"end":{"line":50,"column":19}},"28":{"start":{"line":52,"column":8},"end":{"line":57,"column":9}},"29":{"start":{"line":53,"column":12},"end":{"line":53,"column":55}},"30":{"start":{"line":54,"column":12},"end":{"line":54,"column":29}},"31":{"start":{"line":55,"column":12},"end":{"line":55,"column":59}},"32":{"start":{"line":56,"column":12},"end":{"line":56,"column":19}},"33":{"start":{"line":58,"column":8},"end":{"line":63,"column":9}},"34":{"start":{"line":59,"column":12},"end":{"line":59,"column":49}},"35":{"start":{"line":60,"column":12},"end":{"line":60,"column":29}},"36":{"start":{"line":61,"column":12},"end":{"line":61,"column":59}},"37":{"start":{"line":62,"column":12},"end":{"line":62,"column":19}},"38":{"start":{"line":15,"column":13},"end":{"line":15,"column":47}}},"fnMap":{"0":{"name":"(anonymous_7)","decl":{"start":{"line":15,"column":47},"end":{"line":15,"column":54}},"loc":{"start":{"line":15,"column":76},"end":{"line":65,"column":2}}},"1":{"name":"(anonymous_8)","decl":{"start":{"line":15,"column":76},"end":{"line":15,"column":null}},"loc":{"start":{"line":15,"column":76},"end":{"line":65,"column":1}}}},"branchMap":{"0":{"loc":{"start":{"line":20,"column":8},"end":{"line":28,"column":9}},"type":"if","locations":[{"start":{"line":20,"column":8},"end":{"line":28,"column":9}}]},"1":{"loc":{"start":{"line":25,"column":23},"end":{"line":25,"column":63}},"type":"binary-expr","locations":[{"start":{"line":25,"column":23},"end":{"line":25,"column":36}},{"start":{"line":25,"column":40},"end":{"line":25,"column":63}}]},"2":{"loc":{"start":{"line":29,"column":8},"end":{"line":39,"column":9}},"type":"if","locations":[{"start":{"line":29,"column":8},"end":{"line":39,"column":9}}]},"3":{"loc":{"start":{"line":35,"column":20},"end":{"line":36,"column":67}},"type":"binary-expr","locations":[{"start":{"line":35,"column":20},"end":{"line":35,"column":33}},{"start":{"line":36,"column":20},"end":{"line":36,"column":67}}]},"4":{"loc":{"start":{"line":40,"column":8},"end":{"line":45,"column":9}},"type":"if","locations":[{"start":{"line":40,"column":8},"end":{"line":45,"column":9}}]},"5":{"loc":{"start":{"line":46,"column":8},"end":{"line":51,"column":9}},"type":"if","locations":[{"start":{"line":46,"column":8},"end":{"line":51,"column":9}}]},"6":{"loc":{"start":{"line":52,"column":8},"end":{"line":57,"column":9}},"type":"if","locations":[{"start":{"line":52,"column":8},"end":{"line":57,"column":9}}]},"7":{"loc":{"start":{"line":58,"column":8},"end":{"line":63,"column":9}},"type":"if","locations":[{"start":{"line":58,"column":8},"end":{"line":63,"column":9}}]}},"s":{"0":1,"1":1,"2":1,"3":1,"4":1,"5":1,"6":1,"7":1,"8":1,"9":0,"10":0,"11":0,"12":0,"13":1,"14":0,"15":0,"16":0,"17":0,"18":1,"19":0,"20":0,"21":0,"22":0,"23":1,"24":0,"25":0,"26":0,"27":0,"28":1,"29":0,"30":0,"31":0,"32":0,"33":1,"34":1,"35":1,"36":1,"37":1,"38":1},"f":{"0":1,"1":1},"b":{"0":[0],"1":[0,0],"2":[0],"3":[0,0],"4":[0],"5":[0],"6":[0],"7":[1]}}
,"/home/joshua/Dreamaker/backend/src/middlewares/files.ts": {"path":"/home/joshua/Dreamaker/backend/src/middlewares/files.ts","statementMap":{"0":{"start":{"line":1,"column":0},"end":{"line":1,"column":31}},"1":{"start":{"line":2,"column":0},"end":{"line":2,"column":38}},"2":{"start":{"line":3,"column":0},"end":{"line":3,"column":56}},"3":{"start":{"line":5,"column":13},"end":{"line":25,"column":3}},"4":{"start":{"line":12,"column":16},"end":{"line":12,"column":71}},"5":{"start":{"line":13,"column":12},"end":{"line":13,"column":48}},"6":{"start":{"line":16,"column":12},"end":{"line":20,"column":13}},"7":{"start":{"line":17,"column":16},"end":{"line":19,"column":18}}},"fnMap":{"0":{"name":"(anonymous_1)","decl":{"start":{"line":10,"column":8},"end":{"line":10,"column":16}},"loc":{"start":{"line":10,"column":26},"end":{"line":14,"column":9}}},"1":{"name":"(anonymous_2)","decl":{"start":{"line":15,"column":21},"end":{"line":15,"column":22}},"loc":{"start":{"line":15,"column":33},"end":{"line":21,"column":9}}}},"branchMap":{"0":{"loc":{"start":{"line":16,"column":12},"end":{"line":20,"column":13}},"type":"if","locations":[{"start":{"line":16,"column":12},"end":{"line":20,"column":13}}]},"1":{"loc":{"start":{"line":16,"column":45},"end":{"line":16,"column":64}},"type":"binary-expr","locations":[{"start":{"line":16,"column":45},"end":{"line":16,"column":58}},{"start":{"line":16,"column":62},"end":{"line":16,"column":64}}]}},"s":{"0":1,"1":1,"2":1,"3":1,"4":0,"5":0,"6":0,"7":0},"f":{"0":0,"1":0},"b":{"0":[0],"1":[0,0]}}
,"/home/joshua/Dreamaker/backend/src/middlewares/rateLimiter.ts": {"path":"/home/joshua/Dreamaker/backend/src/middlewares/rateLimiter.ts","statementMap":{"0":{"start":{"line":2,"column":0},"end":{"line":2,"column":41}},"1":{"start":{"line":3,"column":0},"end":{"line":3,"column":null}},"2":{"start":{"line":10,"column":27},"end":{"line":30,"column":1}},"3":{"start":{"line":11,"column":4},"end":{"line":29,"column":7}},"4":{"start":{"line":17,"column":12},"end":{"line":17,"column":61}},"5":{"start":{"line":20,"column":12},"end":{"line":20,"column":61}},"6":{"start":{"line":23,"column":30},"end":{"line":23,"column":36}},"7":{"start":{"line":10,"column":13},"end":{"line":10,"column":27}}},"fnMap":{"0":{"name":"(anonymous_1)","decl":{"start":{"line":10,"column":27},"end":{"line":10,"column":42}},"loc":{"start":{"line":10,"column":44},"end":{"line":30,"column":1}}},"1":{"name":"(anonymous_2)","decl":{"start":{"line":16,"column":19},"end":{"line":16,"column":20}},"loc":{"start":{"line":16,"column":36},"end":{"line":18,"column":9}}},"2":{"name":"(anonymous_3)","decl":{"start":{"line":19,"column":19},"end":{"line":19,"column":20}},"loc":{"start":{"line":19,"column":36},"end":{"line":21,"column":9}}},"3":{"name":"(anonymous_4)","decl":{"start":{"line":23,"column":12},"end":{"line":23,"column":13}},"loc":{"start":{"line":23,"column":30},"end":{"line":23,"column":36}}}},"branchMap":{},"s":{"0":1,"1":1,"2":1,"3":1,"4":1,"5":1,"6":1,"7":1},"f":{"0":1,"1":1,"2":1,"3":1},"b":{}}
,"/home/joshua/Dreamaker/backend/src/models/dreamModel.ts": {"path":"/home/joshua/Dreamaker/backend/src/models/dreamModel.ts","statementMap":{"0":{"start":{"line":1,"column":0},"end":{"line":1,"column":32}},"1":{"start":{"line":13,"column":0},"end":{"line":13,"column":null}},"2":{"start":{"line":14,"column":4},"end":{"line":14,"column":null}},"3":{"start":{"line":15,"column":4},"end":{"line":15,"column":null}},"4":{"start":{"line":16,"column":4},"end":{"line":16,"column":null}},"5":{"start":{"line":17,"column":4},"end":{"line":17,"column":null}},"6":{"start":{"line":34,"column":20},"end":{"line":56,"column":2}},"7":{"start":{"line":58,"column":13},"end":{"line":58,"column":71}}},"fnMap":{"0":{"name":"(anonymous_1)","decl":{"start":{"line":13,"column":0},"end":{"line":13,"column":12}},"loc":{"start":{"line":13,"column":23},"end":{"line":18,"column":1}}}},"branchMap":{"0":{"loc":{"start":{"line":13,"column":12},"end":{"line":13,"column":null}},"type":"binary-expr","locations":[{"start":{"line":13,"column":12},"end":{"line":13,"column":23}},{"start":{"line":13,"column":23},"end":{"line":13,"column":null}}]}},"s":{"0":1,"1":1,"2":1,"3":1,"4":1,"5":1,"6":1,"7":1},"f":{"0":1},"b":{"0":[1,1]}}
,"/home/joshua/Dreamaker/backend/src/models/ecRecoverChallengeModel.ts": {"path":"/home/joshua/Dreamaker/backend/src/models/ecRecoverChallengeModel.ts","statementMap":{"0":{"start":{"line":1,"column":0},"end":{"line":1,"column":32}},"1":{"start":{"line":9,"column":33},"end":{"line":13,"column":2}},"2":{"start":{"line":15,"column":13},"end":{"line":15,"column":114}}},"fnMap":{},"branchMap":{},"s":{"0":1,"1":1,"2":1},"f":{},"b":{}}
,"/home/joshua/Dreamaker/backend/src/routes/auth.ts": {"path":"/home/joshua/Dreamaker/backend/src/routes/auth.ts","statementMap":{"0":{"start":{"line":1,"column":0},"end":{"line":1,"column":32}},"1":{"start":{"line":3,"column":0},"end":{"line":3,"column":53}},"2":{"start":{"line":5,"column":23},"end":{"line":5,"column":35}},"3":{"start":{"line":7,"column":0},"end":{"line":7,"column":23}},"4":{"start":{"line":9,"column":0},"end":{"line":9,"column":66}},"5":{"start":{"line":10,"column":0},"end":{"line":10,"column":63}},"6":{"start":{"line":12,"column":0},"end":{"line":12,"column":22}}},"fnMap":{},"branchMap":{},"s":{"0":1,"1":1,"2":1,"3":1,"4":1,"5":1,"6":1},"f":{},"b":{}}
,"/home/joshua/Dreamaker/backend/src/routes/dream.ts": {"path":"/home/joshua/Dreamaker/backend/src/routes/dream.ts","statementMap":{"0":{"start":{"line":1,"column":0},"end":{"line":1,"column":32}},"1":{"start":{"line":4,"column":0},"end":{"line":4,"column":53}},"2":{"start":{"line":5,"column":0},"end":{"line":5,"column":55}},"3":{"start":{"line":6,"column":0},"end":{"line":6,"column":55}},"4":{"start":{"line":8,"column":23},"end":{"line":8,"column":35}},"5":{"start":{"line":10,"column":0},"end":{"line":10,"column":24}},"6":{"start":{"line":12,"column":0},"end":{"line":12,"column":78}},"7":{"start":{"line":14,"column":0},"end":{"line":14,"column":42}},"8":{"start":{"line":15,"column":0},"end":{"line":15,"column":60}},"9":{"start":{"line":17,"column":0},"end":{"line":17,"column":22}}},"fnMap":{},"branchMap":{},"s":{"0":1,"1":1,"2":1,"3":1,"4":1,"5":1,"6":1,"7":1,"8":1,"9":1},"f":{},"b":{}}
,"/home/joshua/Dreamaker/backend/src/routes/version.ts": {"path":"/home/joshua/Dreamaker/backend/src/routes/version.ts","statementMap":{"0":{"start":{"line":1,"column":0},"end":{"line":1,"column":32}},"1":{"start":{"line":3,"column":23},"end":{"line":3,"column":35}},"2":{"start":{"line":5,"column":0},"end":{"line":13,"column":3}},"3":{"start":{"line":5,"column":46},"end":{"line":13,"column":2}},"4":{"start":{"line":6,"column":20},"end":{"line":6,"column":25}},"5":{"start":{"line":7,"column":4},"end":{"line":11,"column":6}},"6":{"start":{"line":12,"column":4},"end":{"line":12,"column":21}},"7":{"start":{"line":15,"column":0},"end":{"line":15,"column":22}}},"fnMap":{"0":{"name":"(anonymous_8)","decl":{"start":{"line":5,"column":23},"end":{"line":5,"column":30}},"loc":{"start":{"line":5,"column":46},"end":{"line":13,"column":2}}},"1":{"name":"(anonymous_9)","decl":{"start":{"line":5,"column":46},"end":{"line":5,"column":null}},"loc":{"start":{"line":5,"column":46},"end":{"line":13,"column":1}}}},"branchMap":{},"s":{"0":1,"1":1,"2":1,"3":0,"4":0,"5":0,"6":0,"7":1},"f":{"0":0,"1":0},"b":{}}
,"/home/joshua/Dreamaker/backend/src/services/auth.ts": {"path":"/home/joshua/Dreamaker/backend/src/services/auth.ts","statementMap":{"0":{"start":{"line":1,"column":0},"end":{"line":1,"column":76}},"1":{"start":{"line":2,"column":0},"end":{"line":2,"column":83}},"2":{"start":{"line":3,"column":0},"end":{"line":3,"column":32}},"3":{"start":{"line":5,"column":21},"end":{"line":8,"column":1}},"4":{"start":{"line":6,"column":23},"end":{"line":6,"column":87}},"5":{"start":{"line":7,"column":4},"end":{"line":7,"column":115}},"6":{"start":{"line":7,"column":40},"end":{"line":7,"column":104}},"7":{"start":{"line":10,"column":27},"end":{"line":10,"column":112}},"8":{"start":{"line":10,"column":50},"end":{"line":10,"column":112}},"9":{"start":{"line":14,"column":4},"end":{"line":20,"column":5}},"10":{"start":{"line":15,"column":33},"end":{"line":15,"column":75}},"11":{"start":{"line":17,"column":8},"end":{"line":17,"column":85}},"12":{"start":{"line":19,"column":8},"end":{"line":19,"column":21}},"13":{"start":{"line":23,"column":40},"end":{"line":36,"column":null}},"14":{"start":{"line":23,"column":66},"end":{"line":36,"column":null}},"15":{"start":{"line":24,"column":22},"end":{"line":24,"column":59}},"16":{"start":{"line":26,"column":4},"end":{"line":33,"column":5}},"17":{"start":{"line":27,"column":8},"end":{"line":27,"column":69}},"18":{"start":{"line":29,"column":8},"end":{"line":31,"column":9}},"19":{"start":{"line":30,"column":12},"end":{"line":30,"column":81}},"20":{"start":{"line":32,"column":8},"end":{"line":32,"column":69}},"21":{"start":{"line":35,"column":4},"end":{"line":35,"column":21}},"22":{"start":{"line":23,"column":13},"end":{"line":23,"column":40}},"23":{"start":{"line":38,"column":40},"end":{"line":59,"column":null}},"24":{"start":{"line":38,"column":85},"end":{"line":59,"column":null}},"25":{"start":{"line":39,"column":22},"end":{"line":41,"column":6}},"26":{"start":{"line":43,"column":4},"end":{"line":45,"column":5}},"27":{"start":{"line":44,"column":8},"end":{"line":44,"column":61}},"28":{"start":{"line":47,"column":20},"end":{"line":47,"column":82}},"29":{"start":{"line":49,"column":4},"end":{"line":51,"column":5}},"30":{"start":{"line":50,"column":8},"end":{"line":50,"column":53}},"31":{"start":{"line":53,"column":4},"end":{"line":55,"column":7}},"32":{"start":{"line":57,"column":4},"end":{"line":57,"column":16}},"33":{"start":{"line":38,"column":13},"end":{"line":38,"column":40}}},"fnMap":{"0":{"name":"(anonymous_7)","decl":{"start":{"line":5,"column":21},"end":{"line":5,"column":22}},"loc":{"start":{"line":5,"column":40},"end":{"line":8,"column":1}}},"1":{"name":"(anonymous_8)","decl":{"start":{"line":7,"column":34},"end":{"line":7,"column":37}},"loc":{"start":{"line":7,"column":40},"end":{"line":7,"column":104}}},"2":{"name":"(anonymous_9)","decl":{"start":{"line":10,"column":27},"end":{"line":10,"column":28}},"loc":{"start":{"line":10,"column":50},"end":{"line":10,"column":112}}},"3":{"name":"verifySignature","decl":{"start":{"line":13,"column":15},"end":{"line":13,"column":30}},"loc":{"start":{"line":13,"column":87},"end":{"line":21,"column":null}}},"4":{"name":"(anonymous_12)","decl":{"start":{"line":23,"column":40},"end":{"line":23,"column":47}},"loc":{"start":{"line":23,"column":66},"end":{"line":36,"column":null}}},"5":{"name":"(anonymous_13)","decl":{"start":{"line":23,"column":66},"end":{"line":23,"column":null}},"loc":{"start":{"line":23,"column":66},"end":{"line":36,"column":1}}},"6":{"name":"(anonymous_14)","decl":{"start":{"line":38,"column":40},"end":{"line":38,"column":47}},"loc":{"start":{"line":38,"column":85},"end":{"line":59,"column":null}}},"7":{"name":"(anonymous_15)","decl":{"start":{"line":38,"column":85},"end":{"line":38,"column":null}},"loc":{"start":{"line":38,"column":85},"end":{"line":59,"column":1}}}},"branchMap":{"0":{"loc":{"start":{"line":29,"column":8},"end":{"line":31,"column":9}},"type":"if","locations":[{"start":{"line":29,"column":8},"end":{"line":31,"column":9}}]},"1":{"loc":{"start":{"line":43,"column":4},"end":{"line":45,"column":5}},"type":"if","locations":[{"start":{"line":43,"column":4},"end":{"line":45,"column":5}}]},"2":{"loc":{"start":{"line":49,"column":4},"end":{"line":51,"column":5}},"type":"if","locations":[{"start":{"line":49,"column":4},"end":{"line":51,"column":5}}]}},"s":{"0":1,"1":1,"2":1,"3":1,"4":1,"5":1,"6":128,"7":1,"8":1,"9":0,"10":0,"11":0,"12":0,"13":1,"14":1,"15":1,"16":1,"17":1,"18":1,"19":1,"20":0,"21":0,"22":1,"23":1,"24":0,"25":0,"26":0,"27":0,"28":0,"29":0,"30":0,"31":0,"32":0,"33":1},"f":{"0":1,"1":128,"2":1,"3":0,"4":1,"5":1,"6":0,"7":0},"b":{"0":[1],"1":[0],"2":[0]}}
,"/home/joshua/Dreamaker/backend/src/services/dream.ts": {"path":"/home/joshua/Dreamaker/backend/src/services/dream.ts","statementMap":{"0":{"start":{"line":1,"column":0},"end":{"line":1,"column":32}},"1":{"start":{"line":2,"column":0},"end":{"line":2,"column":62}},"2":{"start":{"line":3,"column":0},"end":{"line":3,"column":50}},"3":{"start":{"line":4,"column":0},"end":{"line":4,"column":61}},"4":{"start":{"line":5,"column":0},"end":{"line":5,"column":62}},"5":{"start":{"line":6,"column":0},"end":{"line":6,"column":68}},"6":{"start":{"line":13,"column":30},"end":{"line":45,"column":2}},"7":{"start":{"line":19,"column":22},"end":{"line":45,"column":2}},"8":{"start":{"line":20,"column":25},"end":{"line":20,"column":27}},"9":{"start":{"line":22,"column":4},"end":{"line":24,"column":5}},"10":{"start":{"line":23,"column":8},"end":{"line":23,"column":18}},"11":{"start":{"line":26,"column":4},"end":{"line":30,"column":5}},"12":{"start":{"line":27,"column":8},"end":{"line":29,"column":10}},"13":{"start":{"line":31,"column":4},"end":{"line":44,"column":5}},"14":{"start":{"line":32,"column":20},"end":{"line":32,"column":51}},"15":{"start":{"line":33,"column":8},"end":{"line":39,"column":11}},"16":{"start":{"line":34,"column":33},"end":{"line":34,"column":46}},"17":{"start":{"line":35,"column":12},"end":{"line":38,"column":14}},"18":{"start":{"line":41,"column":8},"end":{"line":43,"column":10}},"19":{"start":{"line":47,"column":25},"end":{"line":75,"column":2}},"20":{"start":{"line":58,"column":4},"end":{"line":75,"column":2}},"21":{"start":{"line":59,"column":26},"end":{"line":59,"column":28}},"22":{"start":{"line":60,"column":4},"end":{"line":66,"column":5}},"23":{"start":{"line":61,"column":8},"end":{"line":61,"column":52}},"24":{"start":{"line":63,"column":8},"end":{"line":65,"column":10}},"25":{"start":{"line":67,"column":18},"end":{"line":74,"column":6}},"26":{"start":{"line":47,"column":13},"end":{"line":47,"column":25}},"27":{"start":{"line":77,"column":34},"end":{"line":102,"column":null}},"28":{"start":{"line":81,"column":4},"end":{"line":102,"column":null}},"29":{"start":{"line":83,"column":25},"end":{"line":86,"column":null}},"30":{"start":{"line":88,"column":17},"end":{"line":88,"column":19}},"31":{"start":{"line":89,"column":4},"end":{"line":99,"column":5}},"32":{"start":{"line":90,"column":19},"end":{"line":93,"column":null}},"33":{"start":{"line":95,"column":8},"end":{"line":95,"column":25}},"34":{"start":{"line":96,"column":8},"end":{"line":96,"column":24}},"35":{"start":{"line":98,"column":8},"end":{"line":98,"column":85}},"36":{"start":{"line":101,"column":4},"end":{"line":101,"column":18}},"37":{"start":{"line":77,"column":13},"end":{"line":77,"column":34}},"38":{"start":{"line":103,"column":25},"end":{"line":115,"column":null}},"39":{"start":{"line":112,"column":10},"end":{"line":115,"column":null}},"40":{"start":{"line":113,"column":19},"end":{"line":113,"column":48}},"41":{"start":{"line":114,"column":4},"end":{"line":114,"column":18}},"42":{"start":{"line":103,"column":13},"end":{"line":103,"column":25}},"43":{"start":{"line":117,"column":27},"end":{"line":131,"column":null}},"44":{"start":{"line":120,"column":5},"end":{"line":131,"column":null}},"45":{"start":{"line":121,"column":18},"end":{"line":124,"column":null}},"46":{"start":{"line":127,"column":4},"end":{"line":129,"column":5}},"47":{"start":{"line":128,"column":8},"end":{"line":128,"column":57}},"48":{"start":{"line":130,"column":4},"end":{"line":130,"column":17}},"49":{"start":{"line":117,"column":13},"end":{"line":117,"column":27}}},"fnMap":{"0":{"name":"(anonymous_7)","decl":{"start":{"line":13,"column":30},"end":{"line":13,"column":null}},"loc":{"start":{"line":19,"column":22},"end":{"line":45,"column":2}}},"1":{"name":"(anonymous_8)","decl":{"start":{"line":19,"column":22},"end":{"line":19,"column":null}},"loc":{"start":{"line":19,"column":22},"end":{"line":45,"column":1}}},"2":{"name":"(anonymous_9)","decl":{"start":{"line":33,"column":23},"end":{"line":33,"column":24}},"loc":{"start":{"line":33,"column":31},"end":{"line":39,"column":9}}},"3":{"name":"(anonymous_10)","decl":{"start":{"line":47,"column":25},"end":{"line":47,"column":null}},"loc":{"start":{"line":58,"column":4},"end":{"line":75,"column":2}}},"4":{"name":"(anonymous_11)","decl":{"start":{"line":58,"column":4},"end":{"line":58,"column":null}},"loc":{"start":{"line":58,"column":4},"end":{"line":75,"column":1}}},"5":{"name":"(anonymous_12)","decl":{"start":{"line":77,"column":34},"end":{"line":77,"column":null}},"loc":{"start":{"line":81,"column":4},"end":{"line":102,"column":null}}},"6":{"name":"(anonymous_13)","decl":{"start":{"line":81,"column":4},"end":{"line":81,"column":null}},"loc":{"start":{"line":81,"column":4},"end":{"line":102,"column":1}}},"7":{"name":"(anonymous_14)","decl":{"start":{"line":103,"column":25},"end":{"line":103,"column":32}},"loc":{"start":{"line":112,"column":10},"end":{"line":115,"column":null}}},"8":{"name":"(anonymous_15)","decl":{"start":{"line":112,"column":10},"end":{"line":112,"column":null}},"loc":{"start":{"line":112,"column":6},"end":{"line":115,"column":1}}},"9":{"name":"(anonymous_16)","decl":{"start":{"line":117,"column":27},"end":{"line":117,"column":34}},"loc":{"start":{"line":120,"column":5},"end":{"line":131,"column":null}}},"10":{"name":"(anonymous_17)","decl":{"start":{"line":120,"column":5},"end":{"line":120,"column":null}},"loc":{"start":{"line":120,"column":5},"end":{"line":131,"column":1}}}},"branchMap":{"0":{"loc":{"start":{"line":22,"column":4},"end":{"line":24,"column":5}},"type":"if","locations":[{"start":{"line":22,"column":4},"end":{"line":24,"column":5}}]},"1":{"loc":{"start":{"line":103,"column":32},"end":{"line":112,"column":6}},"type":"default-arg","locations":[{"start":{"line":112,"column":4},"end":{"line":112,"column":6}}]},"2":{"loc":{"start":{"line":127,"column":4},"end":{"line":129,"column":5}},"type":"if","locations":[{"start":{"line":127,"column":4},"end":{"line":129,"column":5}}]}},"s":{"0":1,"1":1,"2":1,"3":1,"4":1,"5":1,"6":1,"7":0,"8":0,"9":0,"10":0,"11":0,"12":0,"13":0,"14":0,"15":0,"16":0,"17":0,"18":0,"19":1,"20":0,"21":0,"22":0,"23":0,"24":0,"25":0,"26":1,"27":1,"28":0,"29":0,"30":0,"31":0,"32":0,"33":0,"34":0,"35":0,"36":0,"37":1,"38":1,"39":0,"40":0,"41":0,"42":1,"43":1,"44":0,"45":0,"46":0,"47":0,"48":0,"49":1},"f":{"0":0,"1":0,"2":0,"3":0,"4":0,"5":0,"6":0,"7":0,"8":0,"9":0,"10":0},"b":{"0":[0],"1":[0],"2":[0]}}
,"/home/joshua/Dreamaker/backend/src/utils/EProviders.ts": {"path":"/home/joshua/Dreamaker/backend/src/utils/EProviders.ts","statementMap":{"0":{"start":{"line":1,"column":0},"end":{"line":1,"column":null}},"1":{"start":{"line":7,"column":0},"end":{"line":7,"column":32}},"2":{"start":{"line":8,"column":0},"end":{"line":8,"column":61}},"3":{"start":{"line":9,"column":0},"end":{"line":9,"column":69}},"4":{"start":{"line":10,"column":0},"end":{"line":10,"column":96}},"5":{"start":{"line":12,"column":17},"end":{"line":12,"column":59}},"6":{"start":{"line":38,"column":9},"end":{"line":38,"column":17}},"7":{"start":{"line":14,"column":15},"end":{"line":14,"column":64}},"8":{"start":{"line":38,"column":19},"end":{"line":38,"column":25}},"9":{"start":{"line":16,"column":13},"end":{"line":20,"column":2}},"10":{"start":{"line":38,"column":27},"end":{"line":38,"column":31}},"11":{"start":{"line":22,"column":26},"end":{"line":25,"column":null}},"12":{"start":{"line":27,"column":23},"end":{"line":30,"column":null}},"13":{"start":{"line":33,"column":17},"end":{"line":36,"column":2}},"14":{"start":{"line":38,"column":33},"end":{"line":38,"column":41}}},"fnMap":{},"branchMap":{},"s":{"0":1,"1":1,"2":1,"3":1,"4":1,"5":1,"6":1,"7":1,"8":1,"9":1,"10":1,"11":1,"12":1,"13":1,"14":1},"f":{},"b":{}}
,"/home/joshua/Dreamaker/backend/src/utils/config.ts": {"path":"/home/joshua/Dreamaker/backend/src/utils/config.ts","statementMap":{"0":{"start":{"line":3,"column":13},"end":{"line":3,"column":47}},"1":{"start":{"line":4,"column":0},"end":{"line":6,"column":1}},"2":{"start":{"line":5,"column":4},"end":{"line":5,"column":40}},"3":{"start":{"line":8,"column":13},"end":{"line":8,"column":62}},"4":{"start":{"line":9,"column":0},"end":{"line":11,"column":1}},"5":{"start":{"line":10,"column":4},"end":{"line":10,"column":40}},"6":{"start":{"line":13,"column":13},"end":{"line":13,"column":69}},"7":{"start":{"line":14,"column":0},"end":{"line":16,"column":1}},"8":{"start":{"line":15,"column":4},"end":{"line":15,"column":47}},"9":{"start":{"line":20,"column":13},"end":{"line":20,"column":59}},"10":{"start":{"line":21,"column":0},"end":{"line":23,"column":1}},"11":{"start":{"line":22,"column":4},"end":{"line":22,"column":42}},"12":{"start":{"line":25,"column":13},"end":{"line":25,"column":59}},"13":{"start":{"line":26,"column":0},"end":{"line":28,"column":1}},"14":{"start":{"line":27,"column":4},"end":{"line":27,"column":42}},"15":{"start":{"line":30,"column":13},"end":{"line":31,"column":37}},"16":{"start":{"line":32,"column":0},"end":{"line":34,"column":1}},"17":{"start":{"line":33,"column":4},"end":{"line":33,"column":53}},"18":{"start":{"line":36,"column":13},"end":{"line":36,"column":59}},"19":{"start":{"line":37,"column":0},"end":{"line":39,"column":1}},"20":{"start":{"line":38,"column":4},"end":{"line":38,"column":42}},"21":{"start":{"line":41,"column":13},"end":{"line":41,"column":67}},"22":{"start":{"line":42,"column":0},"end":{"line":44,"column":1}},"23":{"start":{"line":43,"column":4},"end":{"line":43,"column":46}},"24":{"start":{"line":48,"column":13},"end":{"line":48,"column":59}},"25":{"start":{"line":49,"column":0},"end":{"line":51,"column":1}},"26":{"start":{"line":50,"column":4},"end":{"line":50,"column":42}},"27":{"start":{"line":55,"column":13},"end":{"line":55,"column":65}},"28":{"start":{"line":56,"column":13},"end":{"line":56,"column":65}},"29":{"start":{"line":58,"column":13},"end":{"line":58,"column":71}},"30":{"start":{"line":59,"column":0},"end":{"line":61,"column":1}},"31":{"start":{"line":60,"column":4},"end":{"line":60,"column":48}},"32":{"start":{"line":63,"column":13},"end":{"line":63,"column":75}},"33":{"start":{"line":64,"column":0},"end":{"line":66,"column":1}},"34":{"start":{"line":65,"column":4},"end":{"line":65,"column":50}},"35":{"start":{"line":70,"column":13},"end":{"line":70,"column":67}},"36":{"start":{"line":71,"column":0},"end":{"line":73,"column":1}},"37":{"start":{"line":72,"column":4},"end":{"line":72,"column":46}},"38":{"start":{"line":75,"column":13},"end":{"line":75,"column":79}},"39":{"start":{"line":76,"column":0},"end":{"line":78,"column":1}},"40":{"start":{"line":77,"column":4},"end":{"line":77,"column":52}},"41":{"start":{"line":80,"column":13},"end":{"line":81,"column":37}},"42":{"start":{"line":82,"column":0},"end":{"line":84,"column":1}},"43":{"start":{"line":83,"column":4},"end":{"line":83,"column":53}},"44":{"start":{"line":87,"column":13},"end":{"line":88,"column":39}},"45":{"start":{"line":89,"column":0},"end":{"line":91,"column":1}},"46":{"start":{"line":90,"column":4},"end":{"line":90,"column":55}},"47":{"start":{"line":93,"column":13},"end":{"line":94,"column":43}},"48":{"start":{"line":95,"column":0},"end":{"line":97,"column":1}},"49":{"start":{"line":96,"column":4},"end":{"line":96,"column":59}},"50":{"start":{"line":99,"column":13},"end":{"line":99,"column":73}},"51":{"start":{"line":100,"column":0},"end":{"line":102,"column":1}},"52":{"start":{"line":101,"column":4},"end":{"line":101,"column":49}},"53":{"start":{"line":106,"column":13},"end":{"line":106,"column":59}},"54":{"start":{"line":107,"column":0},"end":{"line":109,"column":1}},"55":{"start":{"line":108,"column":4},"end":{"line":108,"column":42}}},"fnMap":{},"branchMap":{"0":{"loc":{"start":{"line":4,"column":0},"end":{"line":6,"column":1}},"type":"if","locations":[{"start":{"line":4,"column":0},"end":{"line":6,"column":1}}]},"1":{"loc":{"start":{"line":9,"column":0},"end":{"line":11,"column":1}},"type":"if","locations":[{"start":{"line":9,"column":0},"end":{"line":11,"column":1}}]},"2":{"loc":{"start":{"line":14,"column":0},"end":{"line":16,"column":1}},"type":"if","locations":[{"start":{"line":14,"column":0},"end":{"line":16,"column":1}}]},"3":{"loc":{"start":{"line":21,"column":0},"end":{"line":23,"column":1}},"type":"if","locations":[{"start":{"line":21,"column":0},"end":{"line":23,"column":1}}]},"4":{"loc":{"start":{"line":26,"column":0},"end":{"line":28,"column":1}},"type":"if","locations":[{"start":{"line":26,"column":0},"end":{"line":28,"column":1}}]},"5":{"loc":{"start":{"line":32,"column":0},"end":{"line":34,"column":1}},"type":"if","locations":[{"start":{"line":32,"column":0},"end":{"line":34,"column":1}}]},"6":{"loc":{"start":{"line":37,"column":0},"end":{"line":39,"column":1}},"type":"if","locations":[{"start":{"line":37,"column":0},"end":{"line":39,"column":1}}]},"7":{"loc":{"start":{"line":42,"column":0},"end":{"line":44,"column":1}},"type":"if","locations":[{"start":{"line":42,"column":0},"end":{"line":44,"column":1}}]},"8":{"loc":{"start":{"line":49,"column":0},"end":{"line":51,"column":1}},"type":"if","locations":[{"start":{"line":49,"column":0},"end":{"line":51,"column":1}}]},"9":{"loc":{"start":{"line":59,"column":0},"end":{"line":61,"column":1}},"type":"if","locations":[{"start":{"line":59,"column":0},"end":{"line":61,"column":1}}]},"10":{"loc":{"start":{"line":64,"column":0},"end":{"line":66,"column":1}},"type":"if","locations":[{"start":{"line":64,"column":0},"end":{"line":66,"column":1}}]},"11":{"loc":{"start":{"line":71,"column":0},"end":{"line":73,"column":1}},"type":"if","locations":[{"start":{"line":71,"column":0},"end":{"line":73,"column":1}}]},"12":{"loc":{"start":{"line":76,"column":0},"end":{"line":78,"column":1}},"type":"if","locations":[{"start":{"line":76,"column":0},"end":{"line":78,"column":1}}]},"13":{"loc":{"start":{"line":82,"column":0},"end":{"line":84,"column":1}},"type":"if","locations":[{"start":{"line":82,"column":0},"end":{"line":84,"column":1}}]},"14":{"loc":{"start":{"line":89,"column":0},"end":{"line":91,"column":1}},"type":"if","locations":[{"start":{"line":89,"column":0},"end":{"line":91,"column":1}}]},"15":{"loc":{"start":{"line":95,"column":0},"end":{"line":97,"column":1}},"type":"if","locations":[{"start":{"line":95,"column":0},"end":{"line":97,"column":1}}]},"16":{"loc":{"start":{"line":100,"column":0},"end":{"line":102,"column":1}},"type":"if","locations":[{"start":{"line":100,"column":0},"end":{"line":102,"column":1}}]},"17":{"loc":{"start":{"line":107,"column":0},"end":{"line":109,"column":1}},"type":"if","locations":[{"start":{"line":107,"column":0},"end":{"line":109,"column":1}}]}},"s":{"0":1,"1":1,"2":0,"3":1,"4":1,"5":0,"6":1,"7":1,"8":0,"9":1,"10":1,"11":0,"12":1,"13":1,"14":0,"15":1,"16":1,"17":0,"18":1,"19":1,"20":0,"21":1,"22":1,"23":0,"24":1,"25":1,"26":0,"27":1,"28":1,"29":1,"30":1,"31":0,"32":1,"33":1,"34":0,"35":1,"36":1,"37":0,"38":1,"39":1,"40":0,"41":1,"42":1,"43":0,"44":1,"45":1,"46":0,"47":1,"48":1,"49":0,"50":1,"51":1,"52":0,"53":1,"54":1,"55":0},"f":{},"b":{"0":[0],"1":[0],"2":[0],"3":[0],"4":[0],"5":[0],"6":[0],"7":[0],"8":[0],"9":[0],"10":[0],"11":[0],"12":[0],"13":[0],"14":[0],"15":[0],"16":[0],"17":[0]}}
,"/home/joshua/Dreamaker/backend/src/utils/constants.ts": {"path":"/home/joshua/Dreamaker/backend/src/utils/constants.ts","statementMap":{"0":{"start":{"line":1,"column":13},"end":{"line":17,"column":2}},"1":{"start":{"line":19,"column":13},"end":{"line":30,"column":2}}},"fnMap":{},"branchMap":{},"s":{"0":1,"1":1},"f":{},"b":{}}
,"/home/joshua/Dreamaker/backend/src/utils/error.ts": {"path":"/home/joshua/Dreamaker/backend/src/utils/error.ts","statementMap":{"0":{"start":{"line":1,"column":0},"end":{"line":1,"column":38}},"1":{"start":{"line":2,"column":0},"end":{"line":2,"column":9}},"2":{"start":{"line":2,"column":9},"end":{"line":2,"column":38}},"3":{"start":{"line":3,"column":0},"end":{"line":3,"column":36}},"4":{"start":{"line":10,"column":23},"end":{"line":27,"column":1}},"5":{"start":{"line":25,"column":8},"end":{"line":25,"column":13}},"6":{"start":{"line":24,"column":22},"end":{"line":25,"column":8}},"7":{"start":{"line":26,"column":4},"end":{"line":26,"column":23}},"8":{"start":{"line":31,"column":8},"end":{"line":31,"column":23}},"9":{"start":{"line":32,"column":8},"end":{"line":32,"column":42}},"10":{"start":{"line":29,"column":0},"end":{"line":29,"column":13}},"11":{"start":{"line":40,"column":8},"end":{"line":40,"column":23}},"12":{"start":{"line":41,"column":8},"end":{"line":41,"column":42}},"13":{"start":{"line":42,"column":8},"end":{"line":42,"column":43}},"14":{"start":{"line":43,"column":8},"end":{"line":45,"column":9}},"15":{"start":{"line":44,"column":12},"end":{"line":44,"column":63}},"16":{"start":{"line":36,"column":0},"end":{"line":36,"column":13}},"17":{"start":{"line":53,"column":8},"end":{"line":53,"column":23}},"18":{"start":{"line":54,"column":8},"end":{"line":54,"column":42}},"19":{"start":{"line":55,"column":8},"end":{"line":55,"column":43}},"20":{"start":{"line":56,"column":8},"end":{"line":58,"column":9}},"21":{"start":{"line":57,"column":12},"end":{"line":57,"column":63}},"22":{"start":{"line":49,"column":0},"end":{"line":49,"column":13}},"23":{"start":{"line":66,"column":8},"end":{"line":66,"column":23}},"24":{"start":{"line":67,"column":8},"end":{"line":67,"column":42}},"25":{"start":{"line":68,"column":8},"end":{"line":68,"column":43}},"26":{"start":{"line":69,"column":8},"end":{"line":71,"column":9}},"27":{"start":{"line":70,"column":12},"end":{"line":70,"column":63}},"28":{"start":{"line":62,"column":0},"end":{"line":62,"column":13}},"29":{"start":{"line":79,"column":8},"end":{"line":79,"column":23}},"30":{"start":{"line":80,"column":8},"end":{"line":80,"column":42}},"31":{"start":{"line":81,"column":8},"end":{"line":81,"column":43}},"32":{"start":{"line":82,"column":8},"end":{"line":84,"column":9}},"33":{"start":{"line":83,"column":12},"end":{"line":83,"column":63}},"34":{"start":{"line":75,"column":0},"end":{"line":75,"column":13}},"35":{"start":{"line":92,"column":8},"end":{"line":92,"column":23}},"36":{"start":{"line":93,"column":8},"end":{"line":93,"column":42}},"37":{"start":{"line":94,"column":8},"end":{"line":94,"column":43}},"38":{"start":{"line":95,"column":8},"end":{"line":97,"column":9}},"39":{"start":{"line":96,"column":12},"end":{"line":96,"column":63}},"40":{"start":{"line":88,"column":0},"end":{"line":88,"column":13}},"41":{"start":{"line":102,"column":28},"end":{"line":109,"column":1}},"42":{"start":{"line":103,"column":4},"end":{"line":108,"column":5}},"43":{"start":{"line":107,"column":8},"end":{"line":107,"column":73}},"44":{"start":{"line":102,"column":13},"end":{"line":102,"column":28}}},"fnMap":{"0":{"name":"(anonymous_1)","decl":{"start":{"line":2,"column":9},"end":{"line":2,"column":24}},"loc":{"start":{"line":2,"column":9},"end":{"line":2,"column":38}}},"1":{"name":"(anonymous_2)","decl":{"start":{"line":10,"column":23},"end":{"line":10,"column":24}},"loc":{"start":{"line":10,"column":48},"end":{"line":27,"column":1}}},"2":{"name":"(anonymous_3)","decl":{"start":{"line":30,"column":4},"end":{"line":30,"column":16}},"loc":{"start":{"line":30,"column":31},"end":{"line":33,"column":5}}},"3":{"name":"(anonymous_4)","decl":{"start":{"line":39,"column":4},"end":{"line":39,"column":16}},"loc":{"start":{"line":39,"column":54},"end":{"line":46,"column":5}}},"4":{"name":"(anonymous_5)","decl":{"start":{"line":52,"column":4},"end":{"line":52,"column":16}},"loc":{"start":{"line":52,"column":54},"end":{"line":59,"column":5}}},"5":{"name":"(anonymous_6)","decl":{"start":{"line":65,"column":4},"end":{"line":65,"column":16}},"loc":{"start":{"line":65,"column":54},"end":{"line":72,"column":5}}},"6":{"name":"(anonymous_7)","decl":{"start":{"line":78,"column":4},"end":{"line":78,"column":16}},"loc":{"start":{"line":78,"column":54},"end":{"line":85,"column":5}}},"7":{"name":"(anonymous_8)","decl":{"start":{"line":91,"column":4},"end":{"line":91,"column":16}},"loc":{"start":{"line":91,"column":54},"end":{"line":98,"column":5}}},"8":{"name":"(anonymous_9)","decl":{"start":{"line":102,"column":28},"end":{"line":102,"column":29}},"loc":{"start":{"line":102,"column":70},"end":{"line":109,"column":1}}}},"branchMap":{"0":{"loc":{"start":{"line":43,"column":8},"end":{"line":45,"column":9}},"type":"if","locations":[{"start":{"line":43,"column":8},"end":{"line":45,"column":9}}]},"1":{"loc":{"start":{"line":43,"column":12},"end":{"line":43,"column":62}},"type":"binary-expr","locations":[{"start":{"line":43,"column":12},"end":{"line":43,"column":25}},{"start":{"line":43,"column":29},"end":{"line":43,"column":62}}]},"2":{"loc":{"start":{"line":56,"column":8},"end":{"line":58,"column":9}},"type":"if","locations":[{"start":{"line":56,"column":8},"end":{"line":58,"column":9}}]},"3":{"loc":{"start":{"line":56,"column":12},"end":{"line":56,"column":62}},"type":"binary-expr","locations":[{"start":{"line":56,"column":12},"end":{"line":56,"column":25}},{"start":{"line":56,"column":29},"end":{"line":56,"column":62}}]},"4":{"loc":{"start":{"line":69,"column":8},"end":{"line":71,"column":9}},"type":"if","locations":[{"start":{"line":69,"column":8},"end":{"line":71,"column":9}}]},"5":{"loc":{"start":{"line":69,"column":12},"end":{"line":69,"column":62}},"type":"binary-expr","locations":[{"start":{"line":69,"column":12},"end":{"line":69,"column":25}},{"start":{"line":69,"column":29},"end":{"line":69,"column":62}}]},"6":{"loc":{"start":{"line":82,"column":8},"end":{"line":84,"column":9}},"type":"if","locations":[{"start":{"line":82,"column":8},"end":{"line":84,"column":9}}]},"7":{"loc":{"start":{"line":82,"column":12},"end":{"line":82,"column":62}},"type":"binary-expr","locations":[{"start":{"line":82,"column":12},"end":{"line":82,"column":25}},{"start":{"line":82,"column":29},"end":{"line":82,"column":62}}]},"8":{"loc":{"start":{"line":95,"column":8},"end":{"line":97,"column":9}},"type":"if","locations":[{"start":{"line":95,"column":8},"end":{"line":97,"column":9}}]},"9":{"loc":{"start":{"line":95,"column":12},"end":{"line":95,"column":62}},"type":"binary-expr","locations":[{"start":{"line":95,"column":12},"end":{"line":95,"column":25}},{"start":{"line":95,"column":29},"end":{"line":95,"column":62}}]},"10":{"loc":{"start":{"line":103,"column":4},"end":{"line":108,"column":5}},"type":"if","locations":[{"start":{"line":103,"column":4},"end":{"line":108,"column":5}}]},"11":{"loc":{"start":{"line":104,"column":8},"end":{"line":105,"column":44}},"type":"binary-expr","locations":[{"start":{"line":104,"column":8},"end":{"line":104,"column":43}},{"start":{"line":105,"column":8},"end":{"line":105,"column":44}}]}},"s":{"0":1,"1":1,"2":2,"3":1,"4":1,"5":0,"6":0,"7":0,"8":0,"9":0,"10":1,"11":0,"12":0,"13":0,"14":0,"15":0,"16":1,"17":0,"18":0,"19":0,"20":0,"21":0,"22":1,"23":0,"24":0,"25":0,"26":0,"27":0,"28":1,"29":0,"30":0,"31":0,"32":0,"33":0,"34":1,"35":1,"36":1,"37":1,"38":1,"39":0,"40":1,"41":1,"42":1,"43":1,"44":1},"f":{"0":1,"1":0,"2":0,"3":0,"4":0,"5":0,"6":0,"7":1,"8":1},"b":{"0":[0],"1":[0,0],"2":[0],"3":[0,0],"4":[0],"5":[0,0],"6":[0],"7":[0,0],"8":[0],"9":[1,0],"10":[1],"11":[1,1]}}
,"/home/joshua/Dreamaker/backend/src/utils/logger.ts": {"path":"/home/joshua/Dreamaker/backend/src/utils/logger.ts","statementMap":{"0":{"start":{"line":1,"column":0},"end":{"line":1,"column":26}},"1":{"start":{"line":3,"column":24},"end":{"line":3,"column":35}},"2":{"start":{"line":5,"column":13},"end":{"line":5,"column":45}},"3":{"start":{"line":6,"column":13},"end":{"line":6,"column":47}},"4":{"start":{"line":8,"column":19},"end":{"line":8,"column":34}},"5":{"start":{"line":9,"column":0},"end":{"line":13,"column":2}}},"fnMap":{},"branchMap":{"0":{"loc":{"start":{"line":11,"column":8},"end":{"line":11,"column":null}},"type":"binary-expr","locations":[{"start":{"line":11,"column":9},"end":{"line":11,"column":19}},{"start":{"line":11,"column":23},"end":{"line":11,"column":39}},{"start":{"line":11,"column":44},"end":{"line":11,"column":null}}]}},"s":{"0":1,"1":1,"2":1,"3":1,"4":1,"5":1},"f":{},"b":{"0":[1,1,0]}}
,"/home/joshua/Dreamaker/backend/src/utils/validator.ts": {"path":"/home/joshua/Dreamaker/backend/src/utils/validator.ts","statementMap":{"0":{"start":{"line":1,"column":0},"end":{"line":1,"column":null}},"1":{"start":{"line":9,"column":0},"end":{"line":9,"column":55}},"2":{"start":{"line":11,"column":13},"end":{"line":11,"column":15}},"3":{"start":{"line":12,"column":11},"end":{"line":12,"column":20}},"4":{"start":{"line":13,"column":11},"end":{"line":13,"column":18}},"5":{"start":{"line":14,"column":11},"end":{"line":14,"column":18}},"6":{"start":{"line":15,"column":11},"end":{"line":15,"column":18}},"7":{"start":{"line":17,"column":13},"end":{"line":20,"column":2}},"8":{"start":{"line":22,"column":13},"end":{"line":25,"column":3}},"9":{"start":{"line":27,"column":13},"end":{"line":30,"column":3}},"10":{"start":{"line":32,"column":29},"end":{"line":52,"column":1}},"11":{"start":{"line":39,"column":4},"end":{"line":51,"column":6}},"12":{"start":{"line":32,"column":13},"end":{"line":32,"column":29}},"13":{"start":{"line":54,"column":19},"end":{"line":60,"column":2}},"14":{"start":{"line":62,"column":13},"end":{"line":92,"column":3}},"15":{"start":{"line":67,"column":12},"end":{"line":73,"column":13}},"16":{"start":{"line":68,"column":16},"end":{"line":72,"column":18}},"17":{"start":{"line":74,"column":12},"end":{"line":74,"column":24}},"18":{"start":{"line":80,"column":31},"end":{"line":80,"column":66}},"19":{"start":{"line":81,"column":25},"end":{"line":81,"column":38}},"20":{"start":{"line":82,"column":12},"end":{"line":82,"column":37}},"21":{"start":{"line":87,"column":12},"end":{"line":89,"column":13}},"22":{"start":{"line":88,"column":16},"end":{"line":88,"column":29}},"23":{"start":{"line":90,"column":12},"end":{"line":90,"column":37}}},"fnMap":{"0":{"name":"(anonymous_0)","decl":{"start":{"line":32,"column":29},"end":{"line":32,"column":30}},"loc":{"start":{"line":38,"column":5},"end":{"line":52,"column":1}}},"1":{"name":"(anonymous_1)","decl":{"start":{"line":66,"column":61},"end":{"line":66,"column":62}},"loc":{"start":{"line":66,"column":71},"end":{"line":75,"column":9}}},"2":{"name":"(anonymous_2)","decl":{"start":{"line":79,"column":60},"end":{"line":79,"column":61}},"loc":{"start":{"line":79,"column":70},"end":{"line":83,"column":9}}},"3":{"name":"(anonymous_3)","decl":{"start":{"line":86,"column":65},"end":{"line":86,"column":66}},"loc":{"start":{"line":86,"column":75},"end":{"line":91,"column":9}}}},"branchMap":{"0":{"loc":{"start":{"line":40,"column":15},"end":{"line":40,"column":51}},"type":"cond-expr","locations":[{"start":{"line":40,"column":32},"end":{"line":40,"column":46}},{"start":{"line":40,"column":49},"end":{"line":40,"column":51}}]},"1":{"loc":{"start":{"line":41,"column":21},"end":{"line":41,"column":69}},"type":"cond-expr","locations":[{"start":{"line":41,"column":44},"end":{"line":41,"column":64}},{"start":{"line":41,"column":67},"end":{"line":41,"column":69}}]},"2":{"loc":{"start":{"line":42,"column":22},"end":{"line":44,"column":24}},"type":"cond-expr","locations":[{"start":{"line":43,"column":14},"end":{"line":43,"column":43}},{"start":{"line":44,"column":14},"end":{"line":44,"column":24}}]},"3":{"loc":{"start":{"line":45,"column":22},"end":{"line":47,"column":24}},"type":"cond-expr","locations":[{"start":{"line":46,"column":14},"end":{"line":46,"column":43}},{"start":{"line":47,"column":14},"end":{"line":47,"column":24}}]},"4":{"loc":{"start":{"line":48,"column":26},"end":{"line":50,"column":24}},"type":"cond-expr","locations":[{"start":{"line":49,"column":14},"end":{"line":49,"column":47}},{"start":{"line":50,"column":14},"end":{"line":50,"column":24}}]},"5":{"loc":{"start":{"line":67,"column":12},"end":{"line":73,"column":13}},"type":"if","locations":[{"start":{"line":67,"column":12},"end":{"line":73,"column":13}}]},"6":{"loc":{"start":{"line":67,"column":16},"end":{"line":67,"column":41}},"type":"binary-expr","locations":[{"start":{"line":67,"column":16},"end":{"line":67,"column":21}},{"start":{"line":67,"column":25},"end":{"line":67,"column":41}}]},"7":{"loc":{"start":{"line":87,"column":12},"end":{"line":89,"column":13}},"type":"if","locations":[{"start":{"line":87,"column":12},"end":{"line":89,"column":13}}]}},"s":{"0":1,"1":1,"2":1,"3":1,"4":1,"5":1,"6":1,"7":1,"8":1,"9":1,"10":1,"11":0,"12":1,"13":1,"14":1,"15":0,"16":0,"17":0,"18":0,"19":0,"20":0,"21":0,"22":0,"23":0},"f":{"0":0,"1":0,"2":0,"3":0},"b":{"0":[0,0],"1":[0,0],"2":[0,0],"3":[0,0],"4":[0,0],"5":[0],"6":[0,0],"7":[0]}}
}
