TN:
SF:src/app.ts
FN:42,(anonymous_1)
FN:50,verifyOrigin
FN:62,useRoute
FN:74,(anonymous_4)
FN:77,(anonymous_5)
FNF:5
FNH:4
FNDA:1,(anonymous_1)
FNDA:1,verifyOrigin
FNDA:3,useRoute
FNDA:1,(anonymous_4)
FNDA:0,(anonymous_5)
DA:2,1
DA:3,1
DA:4,1
DA:6,1
DA:7,1
DA:8,1
DA:10,1
DA:12,1
DA:13,1
DA:14,1
DA:17,1
DA:18,1
DA:19,1
DA:31,1
DA:32,1
DA:34,1
DA:35,1
DA:38,1
DA:40,1
DA:43,1
DA:44,1
DA:51,1
DA:52,1
DA:53,1
DA:54,1
DA:56,0
DA:57,0
DA:59,0
DA:63,3
DA:64,3
DA:67,1
DA:68,1
DA:75,1
DA:78,0
DA:82,1
DA:88,1
DA:89,1
DA:91,1
DA:92,1
DA:93,1
DA:96,1
DA:98,1
LF:42
LH:38
BRDA:53,0,0,1
BRDA:56,1,0,0
BRF:2
BRH:1
end_of_record
TN:
SF:src/Watchers/Watch.ts
FN:14,(anonymous_7)
FN:16,(anonymous_8)
FN:20,(anonymous_9)
FN:27,(anonymous_10)
FN:28,(anonymous_11)
FN:29,(anonymous_12)
FN:31,(anonymous_13)
FN:41,(anonymous_14)
FN:47,(anonymous_15)
FN:55,(anonymous_17)
FN:55,(anonymous_18)
FN:65,(anonymous_19)
FN:76,(anonymous_21)
FN:81,(anonymous_23)
FN:93,(anonymous_25)
FN:111,(anonymous_27)
FN:127,(anonymous_29)
FN:175,(anonymous_31)
FN:185,(anonymous_33)
FN:196,(anonymous_34)
FN:200,(anonymous_36)
FN:217,(anonymous_38)
FN:221,(anonymous_39)
FNF:23
FNH:6
FNDA:1,(anonymous_7)
FNDA:5,(anonymous_8)
FNDA:5,(anonymous_9)
FNDA:0,(anonymous_10)
FNDA:0,(anonymous_11)
FNDA:0,(anonymous_12)
FNDA:0,(anonymous_13)
FNDA:0,(anonymous_14)
FNDA:5,(anonymous_15)
FNDA:0,(anonymous_17)
FNDA:0,(anonymous_18)
FNDA:0,(anonymous_19)
FNDA:0,(anonymous_21)
FNDA:1,(anonymous_23)
FNDA:1,(anonymous_25)
FNDA:0,(anonymous_27)
FNDA:0,(anonymous_29)
FNDA:0,(anonymous_31)
FNDA:0,(anonymous_33)
FNDA:0,(anonymous_34)
FNDA:0,(anonymous_36)
FNDA:0,(anonymous_38)
FNDA:0,(anonymous_39)
DA:1,1
DA:2,1
DA:3,1
DA:4,1
DA:5,1
DA:6,1
DA:8,1
DA:9,1
DA:15,1
DA:16,5
DA:21,5
DA:28,0
DA:29,0
DA:31,0
DA:32,0
DA:33,0
DA:38,0
DA:42,0
DA:43,0
DA:44,0
DA:48,5
DA:50,5
DA:51,5
DA:52,0
DA:55,5
DA:56,0
DA:57,0
DA:59,0
DA:62,5
DA:66,0
DA:68,0
DA:69,0
DA:70,0
DA:73,0
DA:77,0
DA:78,0
DA:82,1
DA:84,1
DA:85,3
DA:86,3
DA:88,0
DA:94,1
DA:95,5
DA:96,2
DA:104,1
DA:105,1
DA:106,1
DA:108,1
DA:112,0
DA:114,0
DA:116,0
DA:122,0
DA:123,0
DA:128,0
DA:130,0
DA:132,0
DA:133,0
DA:134,0
DA:137,0
DA:138,0
DA:139,0
DA:142,0
DA:144,0
DA:145,0
DA:151,0
DA:152,0
DA:154,0
DA:155,0
DA:156,0
DA:157,0
DA:159,0
DA:160,0
DA:163,0
DA:164,0
DA:165,0
DA:167,0
DA:168,0
DA:171,0
DA:172,0
DA:176,0
DA:178,0
DA:179,0
DA:180,0
DA:181,0
DA:184,0
DA:185,0
DA:187,0
DA:188,0
DA:190,0
DA:193,0
DA:205,0
DA:207,0
DA:211,0
DA:212,0
DA:213,0
DA:218,0
DA:222,0
DA:224,0
DA:225,0
DA:226,0
DA:227,0
DA:229,0
DA:231,0
DA:232,0
DA:234,0
DA:235,0
DA:237,0
DA:238,0
DA:240,0
DA:241,0
DA:243,0
DA:244,0
DA:246,0
DA:248,0
DA:252,1
LF:115
LH:28
BRDA:51,0,0,0
BRDA:69,1,0,0
BRDA:85,2,0,3
BRDA:85,2,1,0
BRDA:95,3,0,2
BRDA:122,4,0,0
BRDA:122,5,0,0
BRDA:122,5,1,0
BRDA:132,6,0,0
BRDA:137,7,0,0
BRDA:179,8,0,0
BRDA:187,9,0,0
BRDA:187,9,1,0
BRDA:212,10,0,0
BRDA:212,11,0,0
BRDA:212,11,1,0
BRDA:224,12,0,0
BRDA:224,12,1,0
BRDA:229,13,0,0
BRDA:229,13,1,0
BRDA:229,13,2,0
BRDA:229,13,3,0
BRDA:229,13,4,0
BRDA:229,13,5,0
BRF:24
BRH:2
end_of_record
TN:
SF:src/Watchers/config.ts
FNF:0
FNH:0
DA:1,1
DA:9,1
LF:2
LH:2
BRF:0
BRH:0
end_of_record
TN:
SF:src/controllers/auth.ts
FN:7,(anonymous_14)
FN:7,(anonymous_15)
FN:21,(anonymous_16)
FN:21,(anonymous_17)
FNF:4
FNH:2
FNDA:1,(anonymous_14)
FNDA:1,(anonymous_15)
FNDA:0,(anonymous_16)
FNDA:0,(anonymous_17)
DA:2,1
DA:3,1
DA:4,1
DA:5,1
DA:7,1
DA:8,1
DA:10,1
DA:12,0
DA:18,0
DA:21,1
DA:22,0
DA:24,0
DA:26,0
DA:28,0
DA:34,0
LF:15
LH:8
BRF:0
BRH:0
end_of_record
TN:
SF:src/controllers/dream.ts
FN:5,(anonymous_13)
FN:5,(anonymous_14)
FN:10,(anonymous_15)
FN:44,(anonymous_16)
FN:44,(anonymous_17)
FN:54,(anonymous_18)
FN:54,(anonymous_19)
FN:64,(anonymous_20)
FN:64,(anonymous_21)
FNF:9
FNH:0
FNDA:0,(anonymous_13)
FNDA:0,(anonymous_14)
FNDA:0,(anonymous_15)
FNDA:0,(anonymous_16)
FNDA:0,(anonymous_17)
FNDA:0,(anonymous_18)
FNDA:0,(anonymous_19)
FNDA:0,(anonymous_20)
FNDA:0,(anonymous_21)
DA:2,1
DA:3,1
DA:5,1
DA:6,0
DA:7,0
DA:10,0
DA:22,0
DA:25,0
DA:34,0
DA:36,0
DA:44,1
DA:45,0
DA:46,0
DA:54,1
DA:55,0
DA:56,0
DA:64,1
DA:65,0
DA:66,0
DA:68,0
DA:70,0
LF:21
LH:6
BRDA:6,0,0,0
BRDA:6,0,1,0
BRDA:10,1,0,0
BRDA:10,1,1,0
BRDA:31,2,0,0
BRDA:31,2,1,0
BRF:6
BRH:0
end_of_record
TN:
SF:src/firebase/Bucket.ts
FNF:0
FNH:0
DA:1,1
DA:2,1
DA:4,1
DA:5,1
DA:10,1
DA:12,1
DA:13,0
DA:16,1
LF:8
LH:7
BRDA:12,0,0,0
BRF:1
BRH:0
end_of_record
TN:
SF:src/firebase/uploadFile.ts
FN:5,uploadFileToFirebase
FN:23,(anonymous_10)
FN:23,(anonymous_11)
FNF:3
FNH:0
FNDA:0,uploadFileToFirebase
FNDA:0,(anonymous_10)
FNDA:0,(anonymous_11)
DA:2,1
DA:3,1
DA:5,1
DA:10,0
DA:11,0
DA:15,0
DA:23,1
DA:24,0
DA:25,0
DA:26,0
LF:10
LH:4
BRF:0
BRH:0
end_of_record
TN:
SF:src/middlewares/auth.ts
FN:6,(anonymous_8)
FN:9,(anonymous_9)
FNF:2
FNH:0
FNDA:0,(anonymous_8)
FNDA:0,(anonymous_9)
DA:1,1
DA:3,1
DA:4,1
DA:6,1
DA:9,0
DA:10,0
DA:11,0
DA:12,0
DA:14,0
DA:15,0
DA:16,0
DA:18,0
DA:20,0
DA:21,0
DA:23,0
DA:24,0
DA:25,0
DA:27,0
DA:28,0
LF:19
LH:4
BRDA:10,0,0,0
BRDA:10,0,1,0
BRDA:10,1,0,0
BRDA:10,1,1,0
BRDA:10,2,0,0
BRDA:10,2,1,0
BRDA:10,3,0,0
BRDA:10,3,1,0
BRDA:10,4,0,0
BRDA:10,4,1,0
BRDA:10,5,0,0
BRDA:10,5,1,0
BRDA:11,6,0,0
BRDA:20,7,0,0
BRDA:24,8,0,0
BRF:15
BRH:0
end_of_record
TN:
SF:src/middlewares/error.ts
FN:15,(anonymous_7)
FN:15,(anonymous_8)
FNF:2
FNH:2
FNDA:1,(anonymous_7)
FNDA:1,(anonymous_8)
DA:1,1
DA:3,1
DA:13,1
DA:15,1
DA:16,1
DA:17,1
DA:19,1
DA:20,1
DA:21,0
DA:22,0
DA:23,0
DA:27,0
DA:29,1
DA:30,0
DA:31,0
DA:32,0
DA:38,0
DA:40,1
DA:41,0
DA:42,0
DA:43,0
DA:44,0
DA:46,1
DA:47,0
DA:48,0
DA:49,0
DA:50,0
DA:52,1
DA:53,0
DA:54,0
DA:55,0
DA:56,0
DA:58,1
DA:59,1
DA:60,1
DA:61,1
DA:62,1
LF:37
LH:17
BRDA:20,0,0,0
BRDA:25,1,0,0
BRDA:25,1,1,0
BRDA:29,2,0,0
BRDA:35,3,0,0
BRDA:35,3,1,0
BRDA:40,4,0,0
BRDA:46,5,0,0
BRDA:52,6,0,0
BRDA:58,7,0,1
BRF:10
BRH:1
end_of_record
TN:
SF:src/middlewares/files.ts
FN:10,(anonymous_1)
FN:15,(anonymous_2)
FNF:2
FNH:0
FNDA:0,(anonymous_1)
FNDA:0,(anonymous_2)
DA:1,1
DA:2,1
DA:3,1
DA:5,1
DA:12,0
DA:13,0
DA:16,0
DA:17,0
LF:8
LH:4
BRDA:16,0,0,0
BRDA:16,1,0,0
BRDA:16,1,1,0
BRF:3
BRH:0
end_of_record
TN:
SF:src/middlewares/rateLimiter.ts
FN:10,(anonymous_1)
FN:16,(anonymous_2)
FN:19,(anonymous_3)
FN:23,(anonymous_4)
FNF:4
FNH:4
FNDA:1,(anonymous_1)
FNDA:1,(anonymous_2)
FNDA:1,(anonymous_3)
FNDA:1,(anonymous_4)
DA:2,1
DA:3,1
DA:10,1
DA:11,1
DA:17,1
DA:20,1
DA:23,1
LF:7
LH:7
BRF:0
BRH:0
end_of_record
TN:
SF:src/models/dreamModel.ts
FN:13,(anonymous_1)
FNF:1
FNH:1
FNDA:1,(anonymous_1)
DA:1,1
DA:13,1
DA:14,1
DA:15,1
DA:16,1
DA:17,1
DA:34,1
DA:58,1
LF:8
LH:8
BRDA:13,0,0,1
BRDA:13,0,1,1
BRF:2
BRH:2
end_of_record
TN:
SF:src/models/ecRecoverChallengeModel.ts
FNF:0
FNH:0
DA:1,1
DA:9,1
DA:15,1
LF:3
LH:3
BRF:0
BRH:0
end_of_record
TN:
SF:src/routes/auth.ts
FNF:0
FNH:0
DA:1,1
DA:3,1
DA:5,1
DA:7,1
DA:9,1
DA:10,1
DA:12,1
LF:7
LH:7
BRF:0
BRH:0
end_of_record
TN:
SF:src/routes/dream.ts
FNF:0
FNH:0
DA:1,1
DA:4,1
DA:5,1
DA:6,1
DA:8,1
DA:10,1
DA:12,1
DA:14,1
DA:15,1
DA:17,1
LF:10
LH:10
BRF:0
BRH:0
end_of_record
TN:
SF:src/routes/version.ts
FN:5,(anonymous_8)
FN:5,(anonymous_9)
FNF:2
FNH:0
FNDA:0,(anonymous_8)
FNDA:0,(anonymous_9)
DA:1,1
DA:3,1
DA:5,1
DA:6,0
DA:7,0
DA:12,0
DA:15,1
LF:7
LH:4
BRF:0
BRH:0
end_of_record
TN:
SF:src/services/auth.ts
FN:5,(anonymous_7)
FN:7,(anonymous_8)
FN:10,(anonymous_9)
FN:13,verifySignature
FN:23,(anonymous_12)
FN:23,(anonymous_13)
FN:38,(anonymous_14)
FN:38,(anonymous_15)
FNF:8
FNH:5
FNDA:1,(anonymous_7)
FNDA:128,(anonymous_8)
FNDA:1,(anonymous_9)
FNDA:0,verifySignature
FNDA:1,(anonymous_12)
FNDA:1,(anonymous_13)
FNDA:0,(anonymous_14)
FNDA:0,(anonymous_15)
DA:1,1
DA:2,1
DA:3,1
DA:5,1
DA:6,1
DA:7,128
DA:10,1
DA:14,0
DA:15,0
DA:17,0
DA:19,0
DA:23,1
DA:24,1
DA:26,1
DA:27,1
DA:29,1
DA:30,1
DA:32,0
DA:35,0
DA:38,1
DA:39,0
DA:43,0
DA:44,0
DA:47,0
DA:49,0
DA:50,0
DA:53,0
DA:57,0
LF:28
LH:14
BRDA:29,0,0,1
BRDA:43,1,0,0
BRDA:49,2,0,0
BRF:3
BRH:1
end_of_record
TN:
SF:src/services/dream.ts
FN:13,(anonymous_7)
FN:19,(anonymous_8)
FN:33,(anonymous_9)
FN:47,(anonymous_10)
FN:58,(anonymous_11)
FN:77,(anonymous_12)
FN:81,(anonymous_13)
FN:103,(anonymous_14)
FN:112,(anonymous_15)
FN:117,(anonymous_16)
FN:120,(anonymous_17)
FNF:11
FNH:0
FNDA:0,(anonymous_7)
FNDA:0,(anonymous_8)
FNDA:0,(anonymous_9)
FNDA:0,(anonymous_10)
FNDA:0,(anonymous_11)
FNDA:0,(anonymous_12)
FNDA:0,(anonymous_13)
FNDA:0,(anonymous_14)
FNDA:0,(anonymous_15)
FNDA:0,(anonymous_16)
FNDA:0,(anonymous_17)
DA:1,1
DA:2,1
DA:3,1
DA:4,1
DA:5,1
DA:6,1
DA:13,1
DA:19,0
DA:20,0
DA:22,0
DA:23,0
DA:26,0
DA:27,0
DA:31,0
DA:32,0
DA:33,0
DA:34,0
DA:35,0
DA:41,0
DA:47,1
DA:58,0
DA:59,0
DA:60,0
DA:61,0
DA:63,0
DA:67,0
DA:77,1
DA:81,0
DA:83,0
DA:88,0
DA:89,0
DA:90,0
DA:95,0
DA:96,0
DA:98,0
DA:101,0
DA:103,1
DA:112,0
DA:113,0
DA:114,0
DA:117,1
DA:120,0
DA:121,0
DA:127,0
DA:128,0
DA:130,0
LF:46
LH:11
BRDA:22,0,0,0
BRDA:103,1,0,0
BRDA:127,2,0,0
BRF:3
BRH:0
end_of_record
TN:
SF:src/utils/EProviders.ts
FNF:0
FNH:0
DA:1,1
DA:7,1
DA:8,1
DA:9,1
DA:10,1
DA:12,1
DA:14,1
DA:16,1
DA:22,1
DA:27,1
DA:33,1
DA:38,1
LF:12
LH:12
BRF:0
BRH:0
end_of_record
TN:
SF:src/utils/config.ts
FNF:0
FNH:0
DA:3,1
DA:4,1
DA:5,0
DA:8,1
DA:9,1
DA:10,0
DA:13,1
DA:14,1
DA:15,0
DA:20,1
DA:21,1
DA:22,0
DA:25,1
DA:26,1
DA:27,0
DA:30,1
DA:32,1
DA:33,0
DA:36,1
DA:37,1
DA:38,0
DA:41,1
DA:42,1
DA:43,0
DA:48,1
DA:49,1
DA:50,0
DA:55,1
DA:56,1
DA:58,1
DA:59,1
DA:60,0
DA:63,1
DA:64,1
DA:65,0
DA:70,1
DA:71,1
DA:72,0
DA:75,1
DA:76,1
DA:77,0
DA:80,1
DA:82,1
DA:83,0
DA:87,1
DA:89,1
DA:90,0
DA:93,1
DA:95,1
DA:96,0
DA:99,1
DA:100,1
DA:101,0
DA:106,1
DA:107,1
DA:108,0
LF:56
LH:38
BRDA:4,0,0,0
BRDA:9,1,0,0
BRDA:14,2,0,0
BRDA:21,3,0,0
BRDA:26,4,0,0
BRDA:32,5,0,0
BRDA:37,6,0,0
BRDA:42,7,0,0
BRDA:49,8,0,0
BRDA:59,9,0,0
BRDA:64,10,0,0
BRDA:71,11,0,0
BRDA:76,12,0,0
BRDA:82,13,0,0
BRDA:89,14,0,0
BRDA:95,15,0,0
BRDA:100,16,0,0
BRDA:107,17,0,0
BRF:18
BRH:0
end_of_record
TN:
SF:src/utils/constants.ts
FNF:0
FNH:0
DA:1,1
DA:19,1
LF:2
LH:2
BRF:0
BRH:0
end_of_record
TN:
SF:src/utils/error.ts
FN:2,(anonymous_1)
FN:10,(anonymous_2)
FN:30,(anonymous_3)
FN:39,(anonymous_4)
FN:52,(anonymous_5)
FN:65,(anonymous_6)
FN:78,(anonymous_7)
FN:91,(anonymous_8)
FN:102,(anonymous_9)
FNF:9
FNH:3
FNDA:1,(anonymous_1)
FNDA:0,(anonymous_2)
FNDA:0,(anonymous_3)
FNDA:0,(anonymous_4)
FNDA:0,(anonymous_5)
FNDA:0,(anonymous_6)
FNDA:0,(anonymous_7)
FNDA:1,(anonymous_8)
FNDA:1,(anonymous_9)
DA:1,1
DA:2,2
DA:3,1
DA:10,1
DA:24,0
DA:25,0
DA:26,0
DA:29,1
DA:31,0
DA:32,0
DA:36,1
DA:40,0
DA:41,0
DA:42,0
DA:43,0
DA:44,0
DA:49,1
DA:53,0
DA:54,0
DA:55,0
DA:56,0
DA:57,0
DA:62,1
DA:66,0
DA:67,0
DA:68,0
DA:69,0
DA:70,0
DA:75,1
DA:79,0
DA:80,0
DA:81,0
DA:82,0
DA:83,0
DA:88,1
DA:92,1
DA:93,1
DA:94,1
DA:95,1
DA:96,0
DA:102,1
DA:103,1
DA:107,1
LF:43
LH:17
BRDA:43,0,0,0
BRDA:43,1,0,0
BRDA:43,1,1,0
BRDA:56,2,0,0
BRDA:56,3,0,0
BRDA:56,3,1,0
BRDA:69,4,0,0
BRDA:69,5,0,0
BRDA:69,5,1,0
BRDA:82,6,0,0
BRDA:82,7,0,0
BRDA:82,7,1,0
BRDA:95,8,0,0
BRDA:95,9,0,1
BRDA:95,9,1,0
BRDA:103,10,0,1
BRDA:104,11,0,1
BRDA:104,11,1,1
BRF:18
BRH:4
end_of_record
TN:
SF:src/utils/logger.ts
FNF:0
FNH:0
DA:1,1
DA:3,1
DA:5,1
DA:6,1
DA:8,1
DA:9,1
LF:6
LH:6
BRDA:11,0,0,1
BRDA:11,0,1,1
BRDA:11,0,2,0
BRF:3
BRH:2
end_of_record
TN:
SF:src/utils/validator.ts
FN:32,(anonymous_0)
FN:66,(anonymous_1)
FN:79,(anonymous_2)
FN:86,(anonymous_3)
FNF:4
FNH:0
FNDA:0,(anonymous_0)
FNDA:0,(anonymous_1)
FNDA:0,(anonymous_2)
FNDA:0,(anonymous_3)
DA:1,1
DA:9,1
DA:11,1
DA:12,1
DA:13,1
DA:14,1
DA:15,1
DA:17,1
DA:22,1
DA:27,1
DA:32,1
DA:39,0
DA:54,1
DA:62,1
DA:67,0
DA:68,0
DA:74,0
DA:80,0
DA:81,0
DA:82,0
DA:87,0
DA:88,0
DA:90,0
LF:23
LH:13
BRDA:40,0,0,0
BRDA:40,0,1,0
BRDA:41,1,0,0
BRDA:41,1,1,0
BRDA:42,2,0,0
BRDA:42,2,1,0
BRDA:45,3,0,0
BRDA:45,3,1,0
BRDA:48,4,0,0
BRDA:48,4,1,0
BRDA:67,5,0,0
BRDA:67,6,0,0
BRDA:67,6,1,0
BRDA:87,7,0,0
BRF:14
BRH:0
end_of_record
